2025-12-03 20:06:26,822 - INFO - server listening on 127.0.0.1:8000
2025-12-03 20:06:26,822 - INFO - server listening on [::1]:8000
2025-12-03 20:06:32,456 - INFO - connection open
2025-12-03 20:06:36,734 - INFO - connection open
2025-12-03 20:07:36,959 - INFO - connection open
2025-12-03 20:07:45,151 - INFO - 原始关键词: 雅安, 编码后: %E9%9B%85%E5%AE%89
2025-12-03 20:07:45,152 - INFO - 准备访问URL: https://www.baidu.com/s?wd=%E9%9B%85%E5%AE%89&pn=0
2025-12-03 20:07:46,869 - INFO - 请求成功，状态码: 200
2025-12-03 20:07:46,869 - INFO - 实际访问的URL: https://www.baidu.com/s?wd=%E9%9B%85%E5%AE%89&pn=0
2025-12-03 20:07:46,871 - ERROR - 保存响应信息失败: [Errno 2] No such file or directory: 'search_cache\\search_info_雅安_1.json'
2025-12-03 20:07:46,886 - INFO - 找到 4 个搜索结果项
2025-12-03 20:07:46,904 - INFO - 提取概要: 走进雅安 -雅安市人民政府网站...
2025-12-03 20:07:46,904 - INFO - 提取概要: 【雅安天气预报15天_雅安天气预报15天查询】-中国天气网...
2025-12-03 20:07:46,905 - INFO - 提取概要: 四川·雅安最值得去的9个景点...
2025-12-03 20:07:46,906 - INFO - 提取概要: 雅安必去景点,美到让人心醉...
2025-12-03 20:07:46,906 - INFO - 成功提取并去重 4 条搜索结果
2025-12-03 20:07:46,906 - ERROR - 保存提取的搜索结果失败: [Errno 2] No such file or directory: 'proceeded_pages\\search_scan_雅安.json'
2025-12-03 20:07:46,908 - INFO - 原始关键词: 雅安, 编码后: %E9%9B%85%E5%AE%89
2025-12-03 20:07:46,908 - INFO - 准备访问URL: https://www.baidu.com/s?wd=%E9%9B%85%E5%AE%89&pn=10
2025-12-03 20:07:48,788 - INFO - 请求成功，状态码: 200
2025-12-03 20:07:48,788 - INFO - 实际访问的URL: https://www.baidu.com/s?wd=%E9%9B%85%E5%AE%89&pn=10
2025-12-03 20:07:48,789 - ERROR - 保存响应信息失败: [Errno 2] No such file or directory: 'search_cache\\search_info_雅安_2.json'
2025-12-03 20:07:48,795 - INFO - 找到 10 个搜索结果项
2025-12-03 20:07:48,795 - INFO - 提取概要: 【雅安天气预报】雅安天气预报一周_雅安天气预报7天、15天、40......
2025-12-03 20:07:48,811 - INFO - 提取概要: 雅安:毕业生的理想旅行目的地...
2025-12-03 20:07:48,812 - INFO - 提取概要: 【雅安24小时天气查询】_雅安今日逐小时天气预报查询_2345天气预报...
2025-12-03 20:07:48,813 - INFO - 提取概要: 雅安天气预报一周,7天,10天,15天,未来一周天气预报查询_2345天气......
2025-12-03 20:07:48,814 - INFO - 提取概要: 2025雅安旅游攻略,雅安自由行攻略,马蜂窝雅安出游攻略游记 - 马蜂窝...
2025-12-03 20:07:48,815 - INFO - 提取概要: 【雅安天气预报】雅安天气预报一周_雅安天气预报7天、15天、40......
2025-12-03 20:07:48,816 - INFO - 提取概要: 雅安天气预报,历史气温,旅游指数,雅安一周天气预报【携程攻略】...
2025-12-03 20:07:48,817 - INFO - 提取概要: 【雅安天气预报】雅安天气预报一周_雅安天气预报7天、15天、40......
2025-12-03 20:07:48,817 - INFO - 提取概要: 【雅安天气预报】雅安天气预报一周_雅安天气预报7天、15天、40......
2025-12-03 20:07:48,818 - INFO - 提取概要: 雅安市- 四川省人民政府网站...
2025-12-03 20:07:48,818 - INFO - 成功提取并去重 10 条搜索结果
2025-12-03 20:07:48,819 - ERROR - 保存提取的搜索结果失败: [Errno 2] No such file or directory: 'proceeded_pages\\search_scan_雅安.json'
2025-12-03 20:08:33,773 - INFO - connection open
2025-12-03 20:09:17,821 - INFO - connection open
2025-12-03 20:09:30,770 - INFO - connection open
2025-12-03 20:09:45,330 - INFO - connection open
2025-12-03 20:23:42,576 - INFO - server listening on [::1]:8000
2025-12-03 20:23:42,577 - INFO - server listening on 127.0.0.1:8000
2025-12-03 20:23:56,014 - INFO - connection open
2025-12-03 20:24:02,926 - INFO - connection open
2025-12-03 20:24:20,869 - INFO - 原始关键词: 雅安, 编码后: %E9%9B%85%E5%AE%89
2025-12-03 20:24:20,869 - INFO - 准备访问URL: https://www.baidu.com/s?wd=%E9%9B%85%E5%AE%89&pn=0
2025-12-03 20:24:22,664 - INFO - 请求成功，状态码: 200
2025-12-03 20:24:22,664 - INFO - 实际访问的URL: https://www.baidu.com/s?wd=%E9%9B%85%E5%AE%89&pn=0
2025-12-03 20:24:22,665 - ERROR - 保存响应信息失败: [Errno 2] No such file or directory: 'search_cache\\search_info_雅安_1.json'
2025-12-03 20:24:22,702 - INFO - 找到 3 个搜索结果项
2025-12-03 20:24:22,703 - INFO - 提取概要: 走进雅安 -雅安市人民政府网站...
2025-12-03 20:24:22,705 - INFO - 提取概要: 【雅安天气预报15天_雅安天气预报15天查询】-中国天气网...
2025-12-03 20:24:22,706 - INFO - 提取概要: 四川·雅安最值得去的9个景点...
2025-12-03 20:24:22,706 - INFO - 成功提取并去重 3 条搜索结果
2025-12-03 20:24:22,707 - ERROR - 保存提取的搜索结果失败: [Errno 2] No such file or directory: 'proceeded_pages\\search_scan_雅安.json'
2025-12-03 20:32:31,556 - INFO - server listening on 127.0.0.1:8000
2025-12-03 20:32:31,556 - INFO - server listening on [::1]:8000
2025-12-03 20:32:40,857 - INFO - connection open
2025-12-03 20:33:39,704 - INFO - connection open
2025-12-03 20:33:48,472 - INFO - 原始关键词: 雅安, 编码后: %E9%9B%85%E5%AE%89
2025-12-03 20:33:48,472 - INFO - 准备访问URL: https://www.baidu.com/s?wd=%E9%9B%85%E5%AE%89&pn=0
2025-12-03 20:33:50,208 - INFO - 请求成功，状态码: 200
2025-12-03 20:33:50,208 - INFO - 实际访问的URL: https://www.baidu.com/s?wd=%E9%9B%85%E5%AE%89&pn=0
2025-12-03 20:33:50,209 - ERROR - 保存响应信息失败: [Errno 2] No such file or directory: 'search_cache\\search_info_雅安_1.json'
2025-12-03 20:33:50,241 - INFO - 找到 3 个搜索结果项
2025-12-03 20:33:50,242 - INFO - 提取概要: 走进雅安 -雅安市人民政府网站...
2025-12-03 20:33:50,243 - INFO - 提取概要: 【雅安天气预报15天_雅安天气预报15天查询】-中国天气网...
2025-12-03 20:33:50,245 - INFO - 提取概要: 四川·雅安最值得去的9个景点...
2025-12-03 20:33:50,245 - INFO - 成功提取并去重 3 条搜索结果
2025-12-03 20:33:50,245 - ERROR - 保存提取的搜索结果失败: [Errno 2] No such file or directory: 'proceeded_pages\\search_scan_雅安.json'
2025-12-03 20:33:50,246 - INFO - 原始关键词: 雅安, 编码后: %E9%9B%85%E5%AE%89
2025-12-03 20:33:50,246 - INFO - 准备访问URL: https://www.baidu.com/s?wd=%E9%9B%85%E5%AE%89&pn=10
2025-12-03 20:33:51,736 - INFO - 请求成功，状态码: 200
2025-12-03 20:33:51,736 - INFO - 实际访问的URL: https://www.baidu.com/s?wd=%E9%9B%85%E5%AE%89&pn=10
2025-12-03 20:33:51,737 - ERROR - 保存响应信息失败: [Errno 2] No such file or directory: 'search_cache\\search_info_雅安_2.json'
2025-12-03 20:33:51,759 - INFO - 找到 10 个搜索结果项
2025-12-03 20:33:51,760 - INFO - 提取概要: 【雅安天气预报】雅安天气预报一周_雅安天气预报7天、15天、40......
2025-12-03 20:33:51,760 - INFO - 提取概要: 雅安:毕业生的理想旅行目的地...
2025-12-03 20:33:51,761 - INFO - 提取概要: 【雅安24小时天气查询】_雅安今日逐小时天气预报查询_2345天气预报...
2025-12-03 20:33:51,761 - INFO - 提取概要: 雅安天气预报一周,7天,10天,15天,未来一周天气预报查询_2345天气......
2025-12-03 20:33:51,762 - INFO - 提取概要: 2025雅安旅游攻略,雅安自由行攻略,马蜂窝雅安出游攻略游记 - 马蜂窝...
2025-12-03 20:33:51,764 - INFO - 提取概要: 【雅安天气预报】雅安天气预报一周_雅安天气预报7天、15天、40......
2025-12-03 20:33:51,764 - INFO - 提取概要: 雅安天气预报,历史气温,旅游指数,雅安一周天气预报【携程攻略】...
2025-12-03 20:33:51,765 - INFO - 提取概要: 【雅安天气预报】雅安天气预报一周_雅安天气预报7天、15天、40......
2025-12-03 20:33:51,766 - INFO - 提取概要: 【雅安天气预报】雅安天气预报一周_雅安天气预报7天、15天、40......
2025-12-03 20:33:51,767 - INFO - 提取概要: 雅安市- 四川省人民政府网站...
2025-12-03 20:33:51,767 - INFO - 成功提取并去重 10 条搜索结果
2025-12-03 20:33:51,767 - ERROR - 保存提取的搜索结果失败: [Errno 2] No such file or directory: 'proceeded_pages\\search_scan_雅安.json'
2025-12-03 20:34:47,515 - INFO - connection open
2025-12-03 20:36:17,943 - INFO - server listening on 127.0.0.1:8000
2025-12-03 20:36:17,943 - INFO - server listening on [::1]:8000
2025-12-03 20:36:21,757 - INFO - connection open
2025-12-03 20:36:27,918 - INFO - connection open
2025-12-03 20:36:41,559 - INFO - 原始关键词: 雅安, 编码后: %E9%9B%85%E5%AE%89
2025-12-03 20:36:41,560 - INFO - 准备访问URL: https://www.baidu.com/s?wd=%E9%9B%85%E5%AE%89&pn=0
2025-12-03 20:36:42,842 - INFO - 请求成功，状态码: 200
2025-12-03 20:36:42,842 - INFO - 实际访问的URL: https://www.baidu.com/s?wd=%E9%9B%85%E5%AE%89&pn=0
2025-12-03 20:36:42,844 - ERROR - 保存响应信息失败: [Errno 2] No such file or directory: 'search_cache\\search_info_雅安_1.json'
2025-12-03 20:36:42,882 - INFO - 找到 4 个搜索结果项
2025-12-03 20:36:42,883 - INFO - 提取概要: 雅安招生考试网雅安2025年秋假时间为11月19至21日11-12 研招考试和成人高考 更多 202...
2025-12-03 20:36:42,884 - INFO - 提取概要: 雅安市举行2024年抗震救灾综合实战应急演练 - 雅安市人民政府...
2025-12-03 20:36:42,885 - INFO - 提取概要: 雅安市人民政府网站 手机版...
2025-12-03 20:36:42,886 - INFO - 提取概要: 2025雅安旅游攻略,雅安自由行攻略,马蜂窝雅安出游攻略游记 - 马蜂窝...
2025-12-03 20:36:42,886 - INFO - 成功提取并去重 4 条搜索结果
2025-12-03 20:36:42,887 - ERROR - 保存提取的搜索结果失败: [Errno 2] No such file or directory: 'proceeded_pages\\search_scan_雅安.json'
2025-12-03 20:36:42,888 - INFO - 原始关键词: 雅安, 编码后: %E9%9B%85%E5%AE%89
2025-12-03 20:36:42,888 - INFO - 准备访问URL: https://www.baidu.com/s?wd=%E9%9B%85%E5%AE%89&pn=10
2025-12-03 20:36:43,929 - INFO - 请求成功，状态码: 200
2025-12-03 20:36:43,929 - INFO - 实际访问的URL: https://www.baidu.com/s?wd=%E9%9B%85%E5%AE%89&pn=10
2025-12-03 20:36:43,930 - ERROR - 保存响应信息失败: [Errno 2] No such file or directory: 'search_cache\\search_info_雅安_2.json'
2025-12-03 20:36:43,957 - INFO - 找到 8 个搜索结果项
2025-12-03 20:36:43,958 - INFO - 提取概要: 走进雅安 -雅安市人民政府网站...
2025-12-03 20:36:43,959 - INFO - 提取概要: 政务公开 -雅安市人民政府...
2025-12-03 20:36:43,960 - INFO - 提取概要: 政务公开 -雅安市人民政府网站...
2025-12-03 20:36:43,961 - INFO - 提取概要: 雅安市人民政府网站 手机版...
2025-12-03 20:36:43,962 - INFO - 提取概要: 《雅安市情(2024)》公开出版发行 - 雅安市人民政府...
2025-12-03 20:36:43,962 - INFO - 提取概要: 最新要闻 -雅安市人民政府...
2025-12-03 20:36:43,963 - INFO - 提取概要: 雅安市人民政府网站 手机版...
2025-12-03 20:36:43,966 - INFO - 提取概要: 概况-雅安市人民政府2025年11月5日雅安文创旅游商品在2025中国特色旅游商品大赛揽获金银铜奖2...
2025-12-03 20:36:43,966 - INFO - 成功提取并去重 8 条搜索结果
2025-12-03 20:36:43,966 - ERROR - 保存提取的搜索结果失败: [Errno 2] No such file or directory: 'proceeded_pages\\search_scan_雅安.json'
2025-12-03 20:36:43,969 - INFO - 原始关键词: 雅安, 编码后: %E9%9B%85%E5%AE%89
2025-12-03 20:36:43,969 - INFO - 准备访问URL: https://www.baidu.com/s?wd=%E9%9B%85%E5%AE%89&pn=20
2025-12-03 20:36:44,999 - INFO - 请求成功，状态码: 200
2025-12-03 20:36:44,999 - INFO - 实际访问的URL: https://www.baidu.com/s?wd=%E9%9B%85%E5%AE%89&pn=20
2025-12-03 20:36:44,999 - ERROR - 保存响应信息失败: [Errno 2] No such file or directory: 'search_cache\\search_info_雅安_3.json'
2025-12-03 20:36:45,023 - INFO - 找到 9 个搜索结果项
2025-12-03 20:36:45,023 - INFO - 提取概要: 政务公开 -雅安市人民政府...
2025-12-03 20:36:45,023 - INFO - 提取概要: 综合政务 -雅安市人民政府...
2025-12-03 20:36:45,023 - INFO - 提取概要: 最新要闻 -雅安市人民政府...
2025-12-03 20:36:45,023 - INFO - 提取概要: 政务公开 -雅安市人民政府网站...
2025-12-03 20:36:45,023 - INFO - 提取概要: 雅安市人民政府网站 手机版...
2025-12-03 20:36:45,023 - INFO - 提取概要: 党中央国务院信息 -雅安市人民政府...
2025-12-03 20:36:45,023 - INFO - 提取概要: 《雅安市情(2024)》公开出版发行 - 雅安市人民政府...
2025-12-03 20:36:45,023 - INFO - 提取概要: 最新要闻 -雅安市人民政府...
2025-12-03 20:36:45,023 - INFO - 提取概要: 雅安市人民政府网站 手机版...
2025-12-03 20:36:45,023 - INFO - 成功提取并去重 9 条搜索结果
2025-12-03 20:36:45,023 - ERROR - 保存提取的搜索结果失败: [Errno 2] No such file or directory: 'proceeded_pages\\search_scan_雅安.json'
2025-12-03 20:43:26,797 - INFO - connection open
2025-12-03 20:43:43,897 - INFO - server listening on [::1]:8000
2025-12-03 20:43:43,898 - INFO - server listening on 127.0.0.1:8000
2025-12-03 20:43:59,689 - INFO - connection open
2025-12-03 20:44:37,202 - INFO - connection open
2025-12-03 20:44:44,002 - INFO - connection open
2025-12-03 20:44:50,596 - INFO - 原始关键词: 雅安, 编码后: %E9%9B%85%E5%AE%89
2025-12-03 20:44:50,597 - INFO - 准备访问URL: https://www.baidu.com/s?wd=%E9%9B%85%E5%AE%89&pn=0
2025-12-03 20:44:51,700 - INFO - 请求成功，状态码: 200
2025-12-03 20:44:51,700 - INFO - 实际访问的URL: https://www.baidu.com/s?wd=%E9%9B%85%E5%AE%89&pn=0
2025-12-03 20:44:51,702 - ERROR - 保存响应信息失败: [Errno 2] No such file or directory: 'search_cache\\search_info_雅安_1.json'
2025-12-03 20:44:51,750 - INFO - 找到 4 个搜索结果项
2025-12-03 20:44:51,753 - INFO - 提取概要: 雅安招生考试网雅安2025年秋假时间为11月19至21日11-12 研招考试和成人高考 更多 202...
2025-12-03 20:44:51,754 - INFO - 提取概要: 雅安市举行2024年抗震救灾综合实战应急演练 - 雅安市人民政府...
2025-12-03 20:44:51,755 - INFO - 提取概要: 雅安市人民政府网站 手机版...
2025-12-03 20:44:51,756 - INFO - 提取概要: 2025雅安旅游攻略,雅安自由行攻略,马蜂窝雅安出游攻略游记 - 马蜂窝...
2025-12-03 20:44:51,756 - INFO - 成功提取并去重 4 条搜索结果
2025-12-03 20:44:51,756 - ERROR - 保存提取的搜索结果失败: [Errno 2] No such file or directory: 'proceeded_pages\\search_scan_雅安.json'
2025-12-03 20:44:51,758 - INFO - 原始关键词: 雅安, 编码后: %E9%9B%85%E5%AE%89
2025-12-03 20:44:51,759 - INFO - 准备访问URL: https://www.baidu.com/s?wd=%E9%9B%85%E5%AE%89&pn=10
2025-12-03 20:44:52,721 - INFO - 请求成功，状态码: 200
2025-12-03 20:44:52,721 - INFO - 实际访问的URL: https://www.baidu.com/s?wd=%E9%9B%85%E5%AE%89&pn=10
2025-12-03 20:44:52,722 - ERROR - 保存响应信息失败: [Errno 2] No such file or directory: 'search_cache\\search_info_雅安_2.json'
2025-12-03 20:44:52,742 - INFO - 找到 8 个搜索结果项
2025-12-03 20:44:52,743 - INFO - 提取概要: 走进雅安 -雅安市人民政府网站...
2025-12-03 20:44:52,744 - INFO - 提取概要: 政务公开 -雅安市人民政府...
2025-12-03 20:44:52,746 - INFO - 提取概要: 政务公开 -雅安市人民政府网站...
2025-12-03 20:44:52,746 - INFO - 提取概要: 雅安市人民政府网站 手机版...
2025-12-03 20:44:52,747 - INFO - 提取概要: 《雅安市情(2024)》公开出版发行 - 雅安市人民政府...
2025-12-03 20:44:52,748 - INFO - 提取概要: 最新要闻 -雅安市人民政府...
2025-12-03 20:44:52,749 - INFO - 提取概要: 雅安市人民政府网站 手机版...
2025-12-03 20:44:52,751 - INFO - 提取概要: 概况-雅安市人民政府2025年11月5日雅安文创旅游商品在2025中国特色旅游商品大赛揽获金银铜奖2...
2025-12-03 20:44:52,751 - INFO - 成功提取并去重 8 条搜索结果
2025-12-03 20:44:52,751 - ERROR - 保存提取的搜索结果失败: [Errno 2] No such file or directory: 'proceeded_pages\\search_scan_雅安.json'
2025-12-03 20:44:52,753 - INFO - 原始关键词: 雅安, 编码后: %E9%9B%85%E5%AE%89
2025-12-03 20:44:52,753 - INFO - 准备访问URL: https://www.baidu.com/s?wd=%E9%9B%85%E5%AE%89&pn=20
2025-12-03 20:44:53,917 - INFO - 请求成功，状态码: 200
2025-12-03 20:44:53,917 - INFO - 实际访问的URL: https://www.baidu.com/s?wd=%E9%9B%85%E5%AE%89&pn=20
2025-12-03 20:44:53,918 - ERROR - 保存响应信息失败: [Errno 2] No such file or directory: 'search_cache\\search_info_雅安_3.json'
2025-12-03 20:44:53,939 - INFO - 找到 11 个搜索结果项
2025-12-03 20:44:53,943 - INFO - 提取概要: 换一换热搜榜民生榜财经榜“支持和鼓励残疾人自强不息”1高市早苗称日本政府对台立场没改变新2中...
2025-12-03 20:44:53,943 - INFO - 成功提取并去重 1 条搜索结果
2025-12-03 20:44:53,943 - ERROR - 保存提取的搜索结果失败: [Errno 2] No such file or directory: 'proceeded_pages\\search_scan_雅安.json'
2025-12-03 20:56:03,360 - INFO - server listening on 127.0.0.1:8000
2025-12-03 20:56:03,361 - INFO - server listening on [::1]:8000
2025-12-03 20:56:08,255 - INFO - connection open
2025-12-03 20:56:13,449 - INFO - connection open
2025-12-03 20:58:01,439 - INFO - connection open
2025-12-03 20:58:10,510 - INFO - connection open
2025-12-03 20:58:20,855 - INFO - 原始关键词: 成都, 编码后: %E6%88%90%E9%83%BD
2025-12-03 20:58:20,855 - INFO - 准备访问URL: https://www.baidu.com/s?wd=%E6%88%90%E9%83%BD&pn=0
2025-12-03 20:58:22,111 - INFO - 请求成功，状态码: 200
2025-12-03 20:58:22,112 - INFO - 实际访问的URL: https://www.baidu.com/s?wd=%E6%88%90%E9%83%BD&pn=0
2025-12-03 20:58:22,113 - ERROR - 保存响应信息失败: [Errno 2] No such file or directory: 'search_cache\\search_info_成都_1.json'
2025-12-03 20:58:22,146 - INFO - 找到 6 个搜索结果项
2025-12-03 20:58:22,147 - INFO - 提取概要: 【成都天气预报15天_成都天气预报15天查询】-中国天气网...
2025-12-03 20:58:22,150 - INFO - 提取概要: 成都市人民政府成都市蓉城管线投资有限公司2025年日月大道综合管廊通风口降噪项目流标公告 成都东郊记...
2025-12-03 20:58:22,151 - INFO - 提取概要: 第一次来成都,妹子被这城建震撼到了,和广州比谁更胜一筹?_哔哩......
2025-12-03 20:58:22,151 - INFO - 提取概要: 🌆成都区域划分新知 🌆...
2025-12-03 20:58:22,151 - INFO - 提取概要: 成都是怎样一座城市?6分钟视频带您了解它!,旅游,旅游攻略,好看视频...
2025-12-03 20:58:22,151 - INFO - 提取概要: 四川省成都市简介2025年5月17日成都市，简称“蓉”，别称“锦城”，是四川省省会，国家中心城市，中...
2025-12-03 20:58:22,151 - INFO - 成功提取并去重 6 条搜索结果
2025-12-03 20:58:22,151 - ERROR - 保存提取的搜索结果失败: [Errno 2] No such file or directory: 'proceeded_pages\\search_scan_成都.json'
2025-12-03 20:58:22,158 - INFO - 原始关键词: 成都, 编码后: %E6%88%90%E9%83%BD
2025-12-03 20:58:22,158 - INFO - 准备访问URL: https://www.baidu.com/s?wd=%E6%88%90%E9%83%BD&pn=10
2025-12-03 20:58:23,238 - INFO - 请求成功，状态码: 200
2025-12-03 20:58:23,239 - INFO - 实际访问的URL: https://www.baidu.com/s?wd=%E6%88%90%E9%83%BD&pn=10
2025-12-03 20:58:23,240 - ERROR - 保存响应信息失败: [Errno 2] No such file or directory: 'search_cache\\search_info_成都_2.json'
2025-12-03 20:58:23,268 - INFO - 找到 9 个搜索结果项
2025-12-03 20:58:23,269 - INFO - 提取概要: 成都市发展和改革委员会...
2025-12-03 20:58:23,270 - INFO - 提取概要: Memories of Chengdu-成都市人民政府...
2025-12-03 20:58:23,271 - INFO - 提取概要: 区(市)县-成都市人民政府...
2025-12-03 20:58:23,272 - INFO - 提取概要: 印象成都-成都市人民政府...
2025-12-03 20:58:23,273 - INFO - 提取概要: 成都市_成都市人民政府...
2025-12-03 20:58:23,276 - INFO - 提取概要: 成都市人民政府员工招聘 资产招租 走进成都 成都概况成都市地处四川盆地西部边缘,是四川省省会,西部地...
2025-12-03 20:58:23,279 - INFO - 提取概要: 成都市人民政府成都东郊记忆园区运营管理有限公司2026年度法律顾问单位选聘项目比选公告 员工招聘 资...
2025-12-03 20:58:23,281 - INFO - 提取概要: 成都市人民政府员工招聘 资产招租 走进成都 成都概况成都市地处四川盆地西部边缘,是四川省省会,西部地...
2025-12-03 20:58:23,285 - INFO - 提取概要: 成都市人民政府成都东郊记忆园区运营管理有限公司2026年度法律顾问单位选聘项目比选公告 员工招聘 资...
2025-12-03 20:58:23,285 - INFO - 成功提取并去重 9 条搜索结果
2025-12-03 20:58:23,285 - ERROR - 保存提取的搜索结果失败: [Errno 2] No such file or directory: 'proceeded_pages\\search_scan_成都.json'
2025-12-03 21:03:17,159 - INFO - connection open
2025-12-03 21:09:16,416 - INFO - server listening on [::1]:8000
2025-12-03 21:09:16,416 - INFO - server listening on 127.0.0.1:8000
2025-12-03 21:09:20,539 - INFO - connection open
2025-12-03 21:09:28,241 - INFO - connection open
2025-12-03 21:11:48,779 - INFO - 原始关键词: 成都, 编码后: %E6%88%90%E9%83%BD
2025-12-03 21:11:48,779 - INFO - 准备访问URL: https://www.baidu.com/s?wd=%E6%88%90%E9%83%BD&pn=0
2025-12-03 21:11:50,566 - INFO - 请求成功，状态码: 200
2025-12-03 21:11:50,566 - INFO - 实际访问的URL: https://www.baidu.com/s?wd=%E6%88%90%E9%83%BD&pn=0
2025-12-03 21:11:50,566 - ERROR - 保存响应信息失败: [Errno 2] No such file or directory: 'search_cache\\search_info_成都_1.json'
2025-12-03 21:11:50,608 - INFO - 找到 5 个搜索结果项
2025-12-03 21:11:50,614 - INFO - 提取概要: 成都市人民政府成都市蓉城管线投资有限公司2025年日月大道综合管廊通风口降噪项目流标公告 成都东郊记...
2025-12-03 21:11:50,614 - INFO - 提取概要: 【成都天气预报15天_成都天气预报15天查询】-中国天气网...
2025-12-03 21:11:50,614 - INFO - 提取概要: 第一次来成都,妹子被这城建震撼到了,和广州比谁更胜一筹?_哔哩......
2025-12-03 21:11:50,622 - INFO - 提取概要: 四川省成都市简介2025年5月17日成都市，简称“蓉”，别称“锦城”，是四川省省会，国家中心城市，中...
2025-12-03 21:11:50,623 - INFO - 提取概要: 成都是怎样一座城市?6分钟视频带您了解它!,旅游,旅游攻略,好看视频...
2025-12-03 21:11:50,623 - INFO - 成功提取并去重 5 条搜索结果
2025-12-03 21:11:50,623 - ERROR - 保存提取的搜索结果失败: [Errno 2] No such file or directory: 'proceeded_pages\\search_scan_成都.json'
2025-12-03 21:11:50,625 - INFO - 原始关键词: 成都, 编码后: %E6%88%90%E9%83%BD
2025-12-03 21:11:50,625 - INFO - 准备访问URL: https://www.baidu.com/s?wd=%E6%88%90%E9%83%BD&pn=10
2025-12-03 21:11:51,833 - INFO - 请求成功，状态码: 200
2025-12-03 21:11:51,833 - INFO - 实际访问的URL: https://www.baidu.com/s?wd=%E6%88%90%E9%83%BD&pn=10
2025-12-03 21:11:51,836 - ERROR - 保存响应信息失败: [Errno 2] No such file or directory: 'search_cache\\search_info_成都_2.json'
2025-12-03 21:11:51,856 - INFO - 找到 9 个搜索结果项
2025-12-03 21:11:51,856 - INFO - 提取概要: 成都市发展和改革委员会...
2025-12-03 21:11:51,856 - INFO - 提取概要: Memories of Chengdu-成都市人民政府...
2025-12-03 21:11:51,869 - INFO - 提取概要: 区(市)县-成都市人民政府...
2025-12-03 21:11:51,869 - INFO - 提取概要: 印象成都-成都市人民政府...
2025-12-03 21:11:51,869 - INFO - 提取概要: 成都市_成都市人民政府...
2025-12-03 21:11:51,874 - INFO - 提取概要: 成都市人民政府员工招聘 资产招租 走进成都 成都概况成都市地处四川盆地西部边缘,是四川省省会,西部地...
2025-12-03 21:11:51,877 - INFO - 提取概要: 成都市人民政府成都东郊记忆园区运营管理有限公司2026年度法律顾问单位选聘项目比选公告 员工招聘 资...
2025-12-03 21:11:51,880 - INFO - 提取概要: 成都市人民政府员工招聘 资产招租 走进成都 成都概况成都市地处四川盆地西部边缘,是四川省省会,西部地...
2025-12-03 21:11:51,883 - INFO - 提取概要: 成都市人民政府成都东郊记忆园区运营管理有限公司2026年度法律顾问单位选聘项目比选公告 员工招聘 资...
2025-12-03 21:11:51,883 - INFO - 成功提取并去重 9 条搜索结果
2025-12-03 21:11:51,884 - ERROR - 保存提取的搜索结果失败: [Errno 2] No such file or directory: 'proceeded_pages\\search_scan_成都.json'
2025-12-03 21:13:45,741 - INFO - connection open
2025-12-03 21:17:54,920 - INFO - server listening on 127.0.0.1:8000
2025-12-03 21:17:54,921 - INFO - server listening on [::1]:8000
2025-12-03 21:17:58,265 - INFO - connection open
2025-12-03 21:18:04,464 - INFO - connection open
2025-12-03 21:19:55,981 - INFO - connection open
2025-12-03 21:20:02,423 - INFO - connection open
2025-12-03 21:24:08,621 - INFO - connection open
2025-12-03 21:25:24,274 - INFO - server listening on 127.0.0.1:8000
2025-12-03 21:25:24,274 - INFO - server listening on [::1]:8000
2025-12-03 21:25:34,162 - INFO - connection open
2025-12-03 21:27:10,621 - INFO - connection open
2025-12-03 21:27:16,739 - INFO - connection open
2025-12-03 21:27:43,419 - INFO - connection open
2025-12-03 21:54:35,099 - INFO - 原始关键词: 川菜, 编码后: %E5%B7%9D%E8%8F%9C
2025-12-03 21:54:35,099 - INFO - 准备访问URL: https://www.baidu.com/s?wd=%E5%B7%9D%E8%8F%9C&pn=0
2025-12-03 21:54:36,644 - INFO - 请求成功，状态码: 200
2025-12-03 21:54:36,644 - INFO - 实际访问的URL: https://www.baidu.com/s?wd=%E5%B7%9D%E8%8F%9C&pn=0
2025-12-03 21:54:36,644 - ERROR - 保存响应信息失败: [Errno 2] No such file or directory: 'search_cache\\search_info_川菜_1.json'
2025-12-03 21:54:36,689 - INFO - 找到 5 个搜索结果项
2025-12-03 21:54:36,689 - INFO - 提取概要: 川菜作为具有世界影响力的特大菜系,一直是中餐国际化的“排头兵” 让......
2025-12-03 21:54:36,689 - INFO - 提取概要: 川菜- 百度百科“樟茶鸭子”是川菜宴席的一款名菜。此菜是选用成都南路鸭。[详细] 回锅肉 回锅肉是中...
2025-12-03 21:54:36,689 - INFO - 提取概要: 家常川菜(下厨房)家常川菜来自李牧渊 爆炒腰花 有你很满足娟 7.7 综合评分 (675 人做过) ...
2025-12-03 21:54:36,689 - INFO - 提取概要: 天府名菜有哪些? - 服务业 - 四川省商务厅...
2025-12-03 21:54:36,689 - INFO - 提取概要: 四川美食攻略:必尝的15道经典川菜...
2025-12-03 21:54:36,689 - INFO - 成功提取并去重 5 条搜索结果
2025-12-03 21:54:36,689 - ERROR - 保存提取的搜索结果失败: [Errno 2] No such file or directory: 'proceeded_pages\\search_scan_川菜.json'
2025-12-03 21:55:21,054 - INFO - 原始关键词: 川菜, 编码后: %E5%B7%9D%E8%8F%9C
2025-12-03 21:55:21,054 - INFO - 准备访问URL: https://www.baidu.com/s?wd=%E5%B7%9D%E8%8F%9C&pn=0
2025-12-03 21:55:22,448 - INFO - 请求成功，状态码: 200
2025-12-03 21:55:22,448 - INFO - 实际访问的URL: https://www.baidu.com/s?wd=%E5%B7%9D%E8%8F%9C&pn=0
2025-12-03 21:55:22,449 - ERROR - 保存响应信息失败: [Errno 2] No such file or directory: 'search_cache\\search_info_川菜_1.json'
2025-12-03 21:55:22,492 - INFO - 找到 5 个搜索结果项
2025-12-03 21:55:22,493 - INFO - 提取概要: 川菜作为具有世界影响力的特大菜系,一直是中餐国际化的“排头兵” 让......
2025-12-03 21:55:22,495 - INFO - 提取概要: 川菜- 百度百科“樟茶鸭子”是川菜宴席的一款名菜。此菜是选用成都南路鸭。[详细] 回锅肉 回锅肉是中...
2025-12-03 21:55:22,500 - INFO - 提取概要: 家常川菜(下厨房)家常川菜来自李牧渊 爆炒腰花 有你很满足娟 7.7 综合评分 (675 人做过) ...
2025-12-03 21:55:22,500 - INFO - 提取概要: 天府名菜有哪些? - 服务业 - 四川省商务厅...
2025-12-03 21:55:22,500 - INFO - 提取概要: 四川美食攻略:必尝的15道经典川菜...
2025-12-03 21:55:22,500 - INFO - 成功提取并去重 5 条搜索结果
2025-12-03 21:55:22,500 - ERROR - 保存提取的搜索结果失败: [Errno 2] No such file or directory: 'proceeded_pages\\search_scan_川菜.json'
2025-12-03 22:19:45,741 - INFO - connection open
2025-12-03 22:19:56,309 - INFO - server listening on 127.0.0.1:8000
2025-12-03 22:19:56,309 - INFO - server listening on [::1]:8000
2025-12-03 22:20:01,088 - INFO - connection open
2025-12-03 22:20:09,791 - INFO - connection open
2025-12-03 22:20:23,934 - INFO - 原始关键词: 川超, 编码后: %E5%B7%9D%E8%B6%85
2025-12-03 22:20:23,934 - INFO - 准备访问URL: https://www.baidu.com/s?wd=%E5%B7%9D%E8%B6%85&pn=0
2025-12-03 22:20:24,852 - INFO - 请求成功，状态码: 200
2025-12-03 22:20:24,852 - INFO - 实际访问的URL: https://www.baidu.com/s?wd=%E5%B7%9D%E8%B6%85&pn=0
2025-12-03 22:20:24,854 - ERROR - 保存响应信息失败: [Errno 2] No such file or directory: 'search_cache\\search_info_川超_1.json'
2025-12-03 22:20:24,883 - INFO - 找到 5 个搜索结果项
2025-12-03 22:20:24,886 - INFO - 提取概要: 2025川超各个赛区赛程表汇总(持续更新)- 成都本地宝...
2025-12-03 22:20:24,886 - INFO - 提取概要: #青羊播报# 2025川超完整分区赛程表来... 来自锦绣青羊 - 微博...
2025-12-03 22:20:24,888 - INFO - 提取概要: “川超”,不止“狠话”_央广网...
2025-12-03 22:20:24,889 - INFO - 提取概要: 2025“川超”完整分区赛程表来了!各地主场举办地及队名口号→...
2025-12-03 22:20:24,890 - INFO - 提取概要: 川超2025全部赛程,体育,足球,好看视频...
2025-12-03 22:20:24,890 - INFO - 成功提取并去重 5 条搜索结果
2025-12-03 22:20:24,890 - ERROR - 保存提取的搜索结果失败: [Errno 2] No such file or directory: 'proceeded_pages\\search_scan_川超.json'
2025-12-03 22:20:24,893 - INFO - 原始关键词: 川超, 编码后: %E5%B7%9D%E8%B6%85
2025-12-03 22:20:24,893 - INFO - 准备访问URL: https://www.baidu.com/s?wd=%E5%B7%9D%E8%B6%85&pn=10
2025-12-03 22:20:25,889 - INFO - 请求成功，状态码: 200
2025-12-03 22:20:25,889 - INFO - 实际访问的URL: https://www.baidu.com/s?wd=%E5%B7%9D%E8%B6%85&pn=10
2025-12-03 22:20:25,890 - ERROR - 保存响应信息失败: [Errno 2] No such file or directory: 'search_cache\\search_info_川超_2.json'
2025-12-03 22:20:25,912 - INFO - 找到 9 个搜索结果项
2025-12-03 22:20:25,914 - INFO - 提取概要: “川超”的奧義,不止“狠話”丨天府新視界...
2025-12-03 22:20:25,915 - INFO - 提取概要: 川超,不说再见!第一阶段收官,最终位次排定速览→...
2025-12-03 22:20:25,916 - INFO - 提取概要: “川超”引擎轰鸣 乐山球赛“出线”消费“进球”-四川经济网-经济......
2025-12-03 22:20:25,917 - INFO - 提取概要: “川超”来了!21支球队集结角逐巅峰...
2025-12-03 22:20:25,918 - INFO - 提取概要: 2025川超联赛比赛赛制(男子+女子)- 成都本地宝...
2025-12-03 22:20:25,919 - INFO - 提取概要: “川超”今日5场比赛开赛!达州VS成都、南充VS广安……附直播/回放......
2025-12-03 22:20:25,920 - INFO - 提取概要: 今日川超两场比赛开票,眉山VS攀枝花、泸州VS内江!附川超本周赛程......
2025-12-03 22:20:25,922 - INFO - 提取概要: 2025川超达州主场VS广安比赛时间+地点+门票+直播- 成都本地宝...
2025-12-03 22:20:25,922 - INFO - 提取概要: “川超”眉山队全名单公布-中共眉山市委 眉山市人民政府 门户网站...
2025-12-03 22:20:25,923 - INFO - 成功提取并去重 9 条搜索结果
2025-12-03 22:20:25,923 - ERROR - 保存提取的搜索结果失败: [Errno 2] No such file or directory: 'proceeded_pages\\search_scan_川超.json'
2025-12-03 22:20:53,984 - INFO - connection open
2025-12-03 22:23:18,828 - INFO - server listening on 127.0.0.1:8000
2025-12-03 22:23:18,829 - INFO - server listening on [::1]:8000
2025-12-03 22:23:27,916 - INFO - connection open
2025-12-03 22:23:33,893 - INFO - connection open
2025-12-03 22:23:43,409 - INFO - connection open
2025-12-03 22:23:48,758 - INFO - 原始关键词: 川超, 编码后: %E5%B7%9D%E8%B6%85
2025-12-03 22:23:48,758 - INFO - 准备访问URL: https://www.baidu.com/s?wd=%E5%B7%9D%E8%B6%85&pn=0
2025-12-03 22:23:49,750 - INFO - 请求成功，状态码: 200
2025-12-03 22:23:49,751 - INFO - 实际访问的URL: https://www.baidu.com/s?wd=%E5%B7%9D%E8%B6%85&pn=0
2025-12-03 22:23:49,751 - ERROR - 保存响应信息失败: [Errno 2] No such file or directory: 'search_cache\\search_info_川超_1.json'
2025-12-03 22:23:49,781 - INFO - 找到 6 个搜索结果项
2025-12-03 22:23:49,783 - INFO - 提取概要: 2025川超各个赛区赛程表汇总(持续更新)- 成都本地宝...
2025-12-03 22:23:49,784 - INFO - 提取概要: #青羊播报# 2025川超完整分区赛程表来... 来自锦绣青羊 - 微博...
2025-12-03 22:23:49,785 - INFO - 提取概要: “川超”,不止“狠话”_央广网...
2025-12-03 22:23:49,785 - INFO - 提取概要: 2025“川超”完整分区赛程表来了!各地主场举办地及队名口号→...
2025-12-03 22:23:49,787 - INFO - 提取概要: 川超2025全部赛程,体育,足球,好看视频...
2025-12-03 22:23:49,788 - INFO - 提取概要: 报告!干翻成都计划有变丨川超“超”话...
2025-12-03 22:23:49,789 - INFO - 成功提取并去重 6 条搜索结果
2025-12-03 22:23:49,789 - ERROR - 保存提取的搜索结果失败: [Errno 2] No such file or directory: 'proceeded_pages\\search_scan_川超.json'
2025-12-03 22:23:49,790 - INFO - 原始关键词: 川超, 编码后: %E5%B7%9D%E8%B6%85
2025-12-03 22:23:49,790 - INFO - 准备访问URL: https://www.baidu.com/s?wd=%E5%B7%9D%E8%B6%85&pn=10
2025-12-03 22:23:50,651 - INFO - 请求成功，状态码: 200
2025-12-03 22:23:50,651 - INFO - 实际访问的URL: https://www.baidu.com/s?wd=%E5%B7%9D%E8%B6%85&pn=10
2025-12-03 22:23:50,652 - ERROR - 保存响应信息失败: [Errno 2] No such file or directory: 'search_cache\\search_info_川超_2.json'
2025-12-03 22:23:50,684 - INFO - 找到 10 个搜索结果项
2025-12-03 22:23:50,684 - INFO - 提取概要: “川超”开赛 揭幕战成都队大胜-新华网...
2025-12-03 22:23:50,684 - INFO - 提取概要: “川超”眉山队全名单公布-中共眉山市委 眉山市人民政府 门户网站...
2025-12-03 22:23:50,684 - INFO - 提取概要: “川超”来了!赛制赛程、LOGO吉祥物、奖杯奖牌……这场赛前发布会......
2025-12-03 22:23:50,684 - INFO - 提取概要: 川超,要来了!_央广网...
2025-12-03 22:23:50,684 - INFO - 提取概要: 继苏超、赣超后,下一个火爆的是川超,还是湘超?...
2025-12-03 22:23:50,684 - INFO - 提取概要: 川超联赛南充2025赛程表,体育,足球,好看视频...
2025-12-03 22:23:50,695 - INFO - 提取概要: 2025川超联赛比赛赛制(男子+女子)- 成都本地宝...
2025-12-03 22:23:50,696 - INFO - 提取概要: “川超”今日5场比赛开赛!达州VS成都、南充VS广安……附直播/回放......
2025-12-03 22:23:50,697 - INFO - 提取概要: 2025川超达州主场VS广安比赛时间+地点+门票+直播- 成都本地宝...
2025-12-03 22:23:50,698 - INFO - 提取概要: “干翻成都”的目标,遂宁阶段性实现了|川超“超”话...
2025-12-03 22:23:50,698 - INFO - 成功提取并去重 10 条搜索结果
2025-12-03 22:23:50,698 - ERROR - 保存提取的搜索结果失败: [Errno 2] No such file or directory: 'proceeded_pages\\search_scan_川超.json'
2025-12-03 22:24:51,637 - INFO - 原始关键词: 川超, 编码后: %E5%B7%9D%E8%B6%85
2025-12-03 22:24:51,637 - INFO - 准备访问URL: https://www.baidu.com/s?wd=%E5%B7%9D%E8%B6%85&pn=0
2025-12-03 22:24:52,547 - INFO - 请求成功，状态码: 200
2025-12-03 22:24:52,548 - INFO - 实际访问的URL: https://www.baidu.com/s?wd=%E5%B7%9D%E8%B6%85&pn=0
2025-12-03 22:24:52,549 - ERROR - 保存响应信息失败: [Errno 2] No such file or directory: 'search_cache\\search_info_川超_1.json'
2025-12-03 22:24:52,574 - INFO - 找到 6 个搜索结果项
2025-12-03 22:24:52,575 - INFO - 提取概要: 2025川超各个赛区赛程表汇总(持续更新)- 成都本地宝...
2025-12-03 22:24:52,576 - INFO - 提取概要: #青羊播报# 2025川超完整分区赛程表来... 来自锦绣青羊 - 微博...
2025-12-03 22:24:52,577 - INFO - 提取概要: “川超”,不止“狠话”_央广网...
2025-12-03 22:24:52,579 - INFO - 提取概要: 2025“川超”完整分区赛程表来了!各地主场举办地及队名口号→...
2025-12-03 22:24:52,580 - INFO - 提取概要: 川超2025全部赛程,体育,足球,好看视频...
2025-12-03 22:24:52,581 - INFO - 提取概要: 报告!干翻成都计划有变丨川超“超”话...
2025-12-03 22:24:52,582 - INFO - 成功提取并去重 6 条搜索结果
2025-12-03 22:24:52,582 - ERROR - 保存提取的搜索结果失败: [Errno 2] No such file or directory: 'proceeded_pages\\search_scan_川超.json'
2025-12-03 22:24:52,584 - INFO - 原始关键词: 川超, 编码后: %E5%B7%9D%E8%B6%85
2025-12-03 22:24:52,584 - INFO - 准备访问URL: https://www.baidu.com/s?wd=%E5%B7%9D%E8%B6%85&pn=10
2025-12-03 22:24:53,478 - INFO - 请求成功，状态码: 200
2025-12-03 22:24:53,478 - INFO - 实际访问的URL: https://www.baidu.com/s?wd=%E5%B7%9D%E8%B6%85&pn=10
2025-12-03 22:24:53,482 - ERROR - 保存响应信息失败: [Errno 2] No such file or directory: 'search_cache\\search_info_川超_2.json'
2025-12-03 22:24:53,516 - INFO - 找到 10 个搜索结果项
2025-12-03 22:24:53,516 - INFO - 提取概要: “川超”开赛 揭幕战成都队大胜-新华网...
2025-12-03 22:24:53,516 - INFO - 提取概要: “川超”眉山队全名单公布-中共眉山市委 眉山市人民政府 门户网站...
2025-12-03 22:24:53,516 - INFO - 提取概要: “川超”来了!赛制赛程、LOGO吉祥物、奖杯奖牌……这场赛前发布会......
2025-12-03 22:24:53,516 - INFO - 提取概要: 川超,要来了!_央广网...
2025-12-03 22:24:53,516 - INFO - 提取概要: 继苏超、赣超后,下一个火爆的是川超,还是湘超?...
2025-12-03 22:24:53,516 - INFO - 提取概要: 川超联赛南充2025赛程表,体育,足球,好看视频...
2025-12-03 22:24:53,516 - INFO - 提取概要: 2025川超联赛比赛赛制(男子+女子)- 成都本地宝...
2025-12-03 22:24:53,516 - INFO - 提取概要: “川超”今日5场比赛开赛!达州VS成都、南充VS广安……附直播/回放......
2025-12-03 22:24:53,516 - INFO - 提取概要: 2025川超达州主场VS广安比赛时间+地点+门票+直播- 成都本地宝...
2025-12-03 22:24:53,516 - INFO - 提取概要: “干翻成都”的目标,遂宁阶段性实现了|川超“超”话...
2025-12-03 22:24:53,516 - INFO - 成功提取并去重 10 条搜索结果
2025-12-03 22:24:53,516 - ERROR - 保存提取的搜索结果失败: [Errno 2] No such file or directory: 'proceeded_pages\\search_scan_川超.json'
2025-12-03 22:25:19,778 - INFO - connection open
2025-12-03 22:27:41,132 - INFO - server listening on [::1]:8000
2025-12-03 22:27:41,132 - INFO - server listening on 127.0.0.1:8000
2025-12-03 22:27:50,560 - INFO - connection open
2025-12-03 22:27:57,639 - INFO - connection open
2025-12-03 22:28:00,911 - INFO - connection open
2025-12-03 22:28:09,384 - INFO - connection open
2025-12-03 22:28:33,076 - INFO - connection open
2025-12-03 22:30:05,147 - INFO - connection open
2025-12-03 22:30:17,885 - INFO - 原始关键词: 川超, 编码后: %E5%B7%9D%E8%B6%85
2025-12-03 22:30:17,885 - INFO - 准备访问URL: https://www.baidu.com/s?wd=%E5%B7%9D%E8%B6%85&pn=0
2025-12-03 22:30:18,840 - INFO - 请求成功，状态码: 200
2025-12-03 22:30:18,840 - INFO - 实际访问的URL: https://www.baidu.com/s?wd=%E5%B7%9D%E8%B6%85&pn=0
2025-12-03 22:30:18,840 - ERROR - 保存响应信息失败: [Errno 2] No such file or directory: 'search_cache\\search_info_川超_1.json'
2025-12-03 22:30:18,872 - INFO - 找到 6 个搜索结果项
2025-12-03 22:30:18,874 - INFO - 提取概要: 2025川超各个赛区赛程表汇总(持续更新)- 成都本地宝...
2025-12-03 22:30:18,874 - INFO - 提取概要: #青羊播报# 2025川超完整分区赛程表来... 来自锦绣青羊 - 微博...
2025-12-03 22:30:18,876 - INFO - 提取概要: “川超”,不止“狠话”_央广网...
2025-12-03 22:30:18,877 - INFO - 提取概要: 2025“川超”完整分区赛程表来了!各地主场举办地及队名口号→...
2025-12-03 22:30:18,878 - INFO - 提取概要: 川超2025全部赛程,体育,足球,好看视频...
2025-12-03 22:30:18,879 - INFO - 提取概要: 报告!干翻成都计划有变丨川超“超”话...
2025-12-03 22:30:18,880 - INFO - 成功提取并去重 6 条搜索结果
2025-12-03 22:30:18,880 - ERROR - 保存提取的搜索结果失败: [Errno 2] No such file or directory: 'proceeded_pages\\search_scan_川超.json'
2025-12-03 22:30:18,881 - INFO - 原始关键词: 川超, 编码后: %E5%B7%9D%E8%B6%85
2025-12-03 22:30:18,882 - INFO - 准备访问URL: https://www.baidu.com/s?wd=%E5%B7%9D%E8%B6%85&pn=10
2025-12-03 22:30:19,791 - INFO - 请求成功，状态码: 200
2025-12-03 22:30:19,791 - INFO - 实际访问的URL: https://www.baidu.com/s?wd=%E5%B7%9D%E8%B6%85&pn=10
2025-12-03 22:30:19,793 - ERROR - 保存响应信息失败: [Errno 2] No such file or directory: 'search_cache\\search_info_川超_2.json'
2025-12-03 22:30:19,825 - INFO - 找到 10 个搜索结果项
2025-12-03 22:30:19,825 - INFO - 提取概要: “川超”开赛 揭幕战成都队大胜-新华网...
2025-12-03 22:30:19,825 - INFO - 提取概要: “川超”眉山队全名单公布-中共眉山市委 眉山市人民政府 门户网站...
2025-12-03 22:30:19,830 - INFO - 提取概要: “川超”来了!赛制赛程、LOGO吉祥物、奖杯奖牌……这场赛前发布会......
2025-12-03 22:30:19,830 - INFO - 提取概要: 川超,要来了!_央广网...
2025-12-03 22:30:19,830 - INFO - 提取概要: 继苏超、赣超后,下一个火爆的是川超,还是湘超?...
2025-12-03 22:30:19,830 - INFO - 提取概要: 川超联赛南充2025赛程表,体育,足球,好看视频...
2025-12-03 22:30:19,835 - INFO - 提取概要: 2025川超联赛比赛赛制(男子+女子)- 成都本地宝...
2025-12-03 22:30:19,835 - INFO - 提取概要: “川超”今日5场比赛开赛!达州VS成都、南充VS广安……附直播/回放......
2025-12-03 22:30:19,835 - INFO - 提取概要: 2025川超达州主场VS广安比赛时间+地点+门票+直播- 成都本地宝...
2025-12-03 22:30:19,841 - INFO - 提取概要: “干翻成都”的目标,遂宁阶段性实现了|川超“超”话...
2025-12-03 22:30:19,841 - INFO - 成功提取并去重 10 条搜索结果
2025-12-03 22:30:19,841 - ERROR - 保存提取的搜索结果失败: [Errno 2] No such file or directory: 'proceeded_pages\\search_scan_川超.json'
2025-12-03 22:31:47,646 - INFO - connection open
2025-12-03 22:32:07,107 - INFO - connection open
2025-12-03 22:32:15,259 - INFO - 原始关键词: 川菜, 编码后: %E5%B7%9D%E8%8F%9C
2025-12-03 22:32:15,260 - INFO - 准备访问URL: https://www.baidu.com/s?wd=%E5%B7%9D%E8%8F%9C&pn=0
2025-12-03 22:32:16,452 - INFO - 请求成功，状态码: 200
2025-12-03 22:32:16,452 - INFO - 实际访问的URL: https://www.baidu.com/s?wd=%E5%B7%9D%E8%8F%9C&pn=0
2025-12-03 22:32:16,454 - ERROR - 保存响应信息失败: [Errno 2] No such file or directory: 'search_cache\\search_info_川菜_1.json'
2025-12-03 22:32:16,506 - INFO - 找到 3 个搜索结果项
2025-12-03 22:32:16,506 - INFO - 提取概要: 川菜作为具有世界影响力的特大菜系,一直是中餐国际化的“排头兵” 让......
2025-12-03 22:32:16,510 - INFO - 提取概要: 川菜- 百度百科“樟茶鸭子”是川菜宴席的一款名菜。此菜是选用成都南路鸭。[详细] 回锅肉 回锅肉是中...
2025-12-03 22:32:16,512 - INFO - 提取概要: 家常川菜(下厨房)家常川菜来自李牧渊 爆炒腰花 有你很满足娟 7.7 综合评分 (675 人做过) ...
2025-12-03 22:32:16,513 - INFO - 成功提取并去重 3 条搜索结果
2025-12-03 22:32:16,513 - ERROR - 保存提取的搜索结果失败: [Errno 2] No such file or directory: 'proceeded_pages\\search_scan_川菜.json'
2025-12-03 22:32:41,869 - INFO - 原始关键词: 川菜, 编码后: %E5%B7%9D%E8%8F%9C
2025-12-03 22:32:41,870 - INFO - 准备访问URL: https://www.baidu.com/s?wd=%E5%B7%9D%E8%8F%9C&pn=0
2025-12-03 22:32:43,059 - INFO - 请求成功，状态码: 200
2025-12-03 22:32:43,059 - INFO - 实际访问的URL: https://www.baidu.com/s?wd=%E5%B7%9D%E8%8F%9C&pn=0
2025-12-03 22:32:43,060 - ERROR - 保存响应信息失败: [Errno 2] No such file or directory: 'search_cache\\search_info_川菜_1.json'
2025-12-03 22:32:43,111 - INFO - 找到 3 个搜索结果项
2025-12-03 22:32:43,111 - INFO - 提取概要: 川菜作为具有世界影响力的特大菜系,一直是中餐国际化的“排头兵” 让......
2025-12-03 22:32:43,113 - INFO - 提取概要: 川菜- 百度百科“樟茶鸭子”是川菜宴席的一款名菜。此菜是选用成都南路鸭。[详细] 回锅肉 回锅肉是中...
2025-12-03 22:32:43,113 - INFO - 提取概要: 家常川菜(下厨房)家常川菜来自李牧渊 爆炒腰花 有你很满足娟 7.7 综合评分 (675 人做过) ...
2025-12-03 22:32:43,113 - INFO - 成功提取并去重 3 条搜索结果
2025-12-03 22:32:43,113 - ERROR - 保存提取的搜索结果失败: [Errno 2] No such file or directory: 'proceeded_pages\\search_scan_川菜.json'
2025-12-03 22:32:43,120 - INFO - 原始关键词: 川菜, 编码后: %E5%B7%9D%E8%8F%9C
2025-12-03 22:32:43,120 - INFO - 准备访问URL: https://www.baidu.com/s?wd=%E5%B7%9D%E8%8F%9C&pn=10
2025-12-03 22:32:44,266 - INFO - 请求成功，状态码: 200
2025-12-03 22:32:44,267 - INFO - 实际访问的URL: https://www.baidu.com/s?wd=%E5%B7%9D%E8%8F%9C&pn=10
2025-12-03 22:32:44,268 - ERROR - 保存响应信息失败: [Errno 2] No such file or directory: 'search_cache\\search_info_川菜_2.json'
2025-12-03 22:32:44,295 - INFO - 找到 10 个搜索结果项
2025-12-03 22:32:44,295 - INFO - 提取概要: 无辣不欢,够劲够爽的经典川菜- 菜谱 - 香哈网...
2025-12-03 22:32:44,295 - INFO - 提取概要: 四川十大经典名菜:国宴开水白菜只能排第6,鱼香肉丝勉强上榜...
2025-12-03 22:32:44,295 - INFO - 提取概要: 盘点10特色川菜经典菜品:从麻婆豆腐到水煮鱼,你最喜欢哪道呢?...
2025-12-03 22:32:44,295 - INFO - 提取概要: 四川省十大美食——麻辣江湖的味觉密码...
2025-12-03 22:32:44,300 - INFO - 提取概要: 十道精品川菜,做法独特,味道一绝,值得大家参考和收藏...
2025-12-03 22:32:44,300 - INFO - 提取概要: 川菜不止有辣!这8道地道风味,吃完才算没白来!...
2025-12-03 22:32:44,300 - INFO - 提取概要: 舌尖上的火辣盛宴:川菜十大经典佳肴揭秘...
2025-12-03 22:32:44,303 - INFO - 提取概要: 川菜十大名菜:麻辣鲜香的味觉江湖...
2025-12-03 22:32:44,305 - INFO - 提取概要: 吃货必看!四川8道美味川菜,让你欲罢不能!...
2025-12-03 22:32:44,305 - INFO - 提取概要: 川菜江湖的味觉狂欢:这十大经典引爆了全国人民的舌尖!...
2025-12-03 22:32:44,305 - INFO - 成功提取并去重 10 条搜索结果
2025-12-03 22:32:44,305 - ERROR - 保存提取的搜索结果失败: [Errno 2] No such file or directory: 'proceeded_pages\\search_scan_川菜.json'
2025-12-03 22:33:25,885 - INFO - connection open
2025-12-03 22:33:49,439 - INFO - connection open
2025-12-03 22:33:56,008 - INFO - 原始关键词: 川菜, 编码后: %E5%B7%9D%E8%8F%9C
2025-12-03 22:33:56,009 - INFO - 准备访问URL: https://www.baidu.com/s?wd=%E5%B7%9D%E8%8F%9C&pn=0
2025-12-03 22:33:56,721 - INFO - 请求成功，状态码: 200
2025-12-03 22:33:56,721 - INFO - 实际访问的URL: https://wappass.baidu.com/static/captcha/tuxing_v2.html?&logid=10590396253478399539&ak=c27bbc89afca0463650ac9bde68ebe06&backurl=https%3A%2F%2Fwww.baidu.com%2Fs%3Fwd%3D%25E5%25B7%259D%25E8%258F%259C%26pn%3D0&ext=x9G9QDmMXq%2FNo87gjGO0P0%2BQWK7dCSaZKJEE7vICyXs9qxHzv8tRxodBg5SciE9xUgqUK9LXd1cIlztrhMwivyGngbz2SZfCoDcoJ6O94ByffrQ75%2FiuCREDQw5HK7ojSCAe1EQ3IsG%2BFn2u6CQ8X0ggHtRENyLBvhZ9rugkPF%2BBcG6sclxTRLeDenOn4RZv&signature=338f323b69e49e593bd15c717e35985c&timestamp=1764772436
2025-12-03 22:33:56,722 - ERROR - 保存响应信息失败: [Errno 2] No such file or directory: 'search_cache\\search_info_川菜_1.json'
2025-12-03 22:33:56,723 - INFO - 找到 0 个搜索结果项
2025-12-03 22:33:56,723 - INFO - 成功提取并去重 0 条搜索结果
2025-12-03 22:34:17,780 - INFO - 原始关键词: 川菜, 编码后: %E5%B7%9D%E8%8F%9C
2025-12-03 22:34:17,781 - INFO - 准备访问URL: https://www.baidu.com/s?wd=%E5%B7%9D%E8%8F%9C&pn=0
2025-12-03 22:34:18,492 - INFO - 请求成功，状态码: 200
2025-12-03 22:34:18,492 - INFO - 实际访问的URL: https://wappass.baidu.com/static/captcha/tuxing_v2.html?&logid=10894203604365791232&ak=c27bbc89afca0463650ac9bde68ebe06&backurl=https%3A%2F%2Fwww.baidu.com%2Fs%3Fwd%3D%25E5%25B7%259D%25E8%258F%259C%26pn%3D0&ext=x9G9QDmMXq%2FNo87gjGO0P3Yxuo3FrOuHm3x9VrFJWgwYlU5PkiYt8z80Ez5p7UmpUgqUK9LXd1cIlztrhMwivyGngbz2SZfCoDcoJ6O94ByffrQ75%2FiuCREDQw5HK7ojSCAe1EQ3IsG%2BFn2u6CQ8X0ggHtRENyLBvhZ9rugkPF%2BBcG6sclxTRLeDenOn4RZv&signature=7098e89ef4e1d8878ccee14ddf7d6a1b&timestamp=1764772458
2025-12-03 22:34:18,493 - ERROR - 保存响应信息失败: [Errno 2] No such file or directory: 'search_cache\\search_info_川菜_1.json'
2025-12-03 22:34:18,494 - INFO - 找到 0 个搜索结果项
2025-12-03 22:34:18,494 - INFO - 成功提取并去重 0 条搜索结果
2025-12-03 22:34:40,660 - INFO - 原始关键词: 雅安, 编码后: %E9%9B%85%E5%AE%89
2025-12-03 22:34:40,660 - INFO - 准备访问URL: https://www.baidu.com/s?wd=%E9%9B%85%E5%AE%89&pn=0
2025-12-03 22:34:41,392 - INFO - 请求成功，状态码: 200
2025-12-03 22:34:41,392 - INFO - 实际访问的URL: https://wappass.baidu.com/static/captcha/tuxing_v2.html?&logid=8220492758506167834&ak=c27bbc89afca0463650ac9bde68ebe06&backurl=https%3A%2F%2Fwww.baidu.com%2Fs%3Fwd%3D%25E9%259B%2585%25E5%25AE%2589%26pn%3D0&ext=x9G9QDmMXq%2FNo87gjGO0PwOI63FpnTP8PEorHxAxOPQaaeyhUvJM%2FH2FbXwC2V2uUgqUK9LXd1cIlztrhMwivyGngbz2SZfCoDcoJ6O94ByffrQ75%2FiuCREDQw5HK7ojSCAe1EQ3IsG%2BFn2u6CQ8X0ggHtRENyLBvhZ9rugkPF%2BBcG6sclxTRLeDenOn4RZv&signature=09e4f8d72dc9eb9245f035809806108f&timestamp=1764772481
2025-12-03 22:34:41,393 - ERROR - 保存响应信息失败: [Errno 2] No such file or directory: 'search_cache\\search_info_雅安_1.json'
2025-12-03 22:34:41,394 - INFO - 找到 0 个搜索结果项
2025-12-03 22:34:41,394 - INFO - 成功提取并去重 0 条搜索结果
2025-12-03 22:35:33,744 - INFO - connection open
2025-12-03 22:35:46,303 - INFO - server listening on 127.0.0.1:8000
2025-12-03 22:35:46,303 - INFO - server listening on [::1]:8000
2025-12-03 22:35:49,559 - INFO - connection open
2025-12-03 22:36:09,327 - INFO - connection open
2025-12-03 22:36:17,146 - INFO - 原始关键词: 雅安, 编码后: %E9%9B%85%E5%AE%89
2025-12-03 22:36:17,146 - INFO - 准备访问URL: https://www.baidu.com/s?wd=%E9%9B%85%E5%AE%89&pn=0
2025-12-03 22:36:17,887 - INFO - 请求成功，状态码: 200
2025-12-03 22:36:17,888 - INFO - 实际访问的URL: https://wappass.baidu.com/static/captcha/tuxing_v2.html?&logid=10906777804070936247&ak=c27bbc89afca0463650ac9bde68ebe06&backurl=https%3A%2F%2Fwww.baidu.com%2Fs%3Fwd%3D%25E9%259B%2585%25E5%25AE%2589%26pn%3D0&ext=x9G9QDmMXq%2FNo87gjGO0P1RDz0Eh6nfYe4%2FbZR4I4tZSIPuPx9h9pmFSYtnJpM3nUgqUK9LXd1cIlztrhMwivyGngbz2SZfCoDcoJ6O94ByffrQ75%2FiuCREDQw5HK7ojSCAe1EQ3IsG%2BFn2u6CQ8X0ggHtRENyLBvhZ9rugkPF%2BBcG6sclxTRLeDenOn4RZv&signature=4638fc2f67a7267a42510e853577a6cd&timestamp=1764772577
2025-12-03 22:36:17,888 - ERROR - 保存响应信息失败: [Errno 2] No such file or directory: 'search_cache\\search_info_雅安_1.json'
2025-12-03 22:36:17,890 - INFO - 找到 0 个搜索结果项
2025-12-03 22:36:17,890 - INFO - 成功提取并去重 0 条搜索结果
2025-12-03 22:36:29,427 - INFO - 原始关键词: 雅安, 编码后: %E9%9B%85%E5%AE%89
2025-12-03 22:36:29,427 - INFO - 准备访问URL: https://www.baidu.com/s?wd=%E9%9B%85%E5%AE%89&pn=0
2025-12-03 22:36:30,135 - INFO - 请求成功，状态码: 200
2025-12-03 22:36:30,135 - INFO - 实际访问的URL: https://wappass.baidu.com/static/captcha/tuxing_v2.html?&logid=11488621855792591630&ak=c27bbc89afca0463650ac9bde68ebe06&backurl=https%3A%2F%2Fwww.baidu.com%2Fs%3Fwd%3D%25E9%259B%2585%25E5%25AE%2589%26pn%3D0&ext=x9G9QDmMXq%2FNo87gjGO0P7WE7%2FGaCt8dPCfDUcBe8otWkhrGqVqihBVl6ZY8QtPHUgqUK9LXd1cIlztrhMwiv4dCIf7SP9ZB3hDjMPOB20SffrQ75%2FiuCREDQw5HK7ojSCAe1EQ3IsG%2BFn2u6CQ8X0ggHtRENyLBvhZ9rugkPF%2BBcG6sclxTRLeDenOn4RZv&signature=ffc9f65fde19091336c9859acb344fc8&timestamp=1764772589
2025-12-03 22:36:30,135 - ERROR - 保存响应信息失败: [Errno 2] No such file or directory: 'search_cache\\search_info_雅安_1.json'
2025-12-03 22:36:30,137 - INFO - 找到 0 个搜索结果项
2025-12-03 22:36:30,138 - INFO - 成功提取并去重 0 条搜索结果
2025-12-03 22:38:26,715 - INFO - connection open
2025-12-03 22:38:56,944 - INFO - connection open
2025-12-03 22:39:05,675 - INFO - 原始关键词: 成都, 编码后: %E6%88%90%E9%83%BD
2025-12-03 22:39:05,675 - INFO - 准备访问URL: https://www.baidu.com/s?wd=%E6%88%90%E9%83%BD&pn=0
2025-12-03 22:39:06,783 - INFO - 请求成功，状态码: 200
2025-12-03 22:39:06,783 - INFO - 实际访问的URL: https://www.baidu.com/s?wd=%E6%88%90%E9%83%BD&pn=0
2025-12-03 22:39:06,783 - ERROR - 保存响应信息失败: [Errno 2] No such file or directory: 'search_cache\\search_info_成都_1.json'
2025-12-03 22:39:06,810 - INFO - 找到 11 个搜索结果项
2025-12-03 22:39:06,814 - INFO - 提取概要: 换一换热搜榜民生榜财经榜“支持和鼓励残疾人自强不息”1高市早苗称日本政府对台立场没改变热2王...
2025-12-03 22:39:06,816 - INFO - 成功提取并去重 1 条搜索结果
2025-12-03 22:39:06,816 - ERROR - 保存提取的搜索结果失败: [Errno 2] No such file or directory: 'proceeded_pages\\search_scan_成都.json'
2025-12-03 22:41:38,285 - INFO - 原始关键词: 成都, 编码后: %E6%88%90%E9%83%BD
2025-12-03 22:41:38,285 - INFO - 准备访问URL: https://www.baidu.com/s?wd=%E6%88%90%E9%83%BD&pn=0
2025-12-03 22:41:39,355 - INFO - 请求成功，状态码: 200
2025-12-03 22:41:39,355 - INFO - 实际访问的URL: https://www.baidu.com/s?wd=%E6%88%90%E9%83%BD&pn=0
2025-12-03 22:41:39,355 - ERROR - 保存响应信息失败: [Errno 2] No such file or directory: 'search_cache\\search_info_成都_1.json'
2025-12-03 22:41:39,409 - INFO - 找到 5 个搜索结果项
2025-12-03 22:41:39,412 - INFO - 提取概要: 成都市人民政府成都市蓉城管线投资有限公司2025年日月大道综合管廊通风口降噪项目流标公告 成都东郊记...
2025-12-03 22:41:39,413 - INFO - 提取概要: 【成都天气预报15天_成都天气预报15天查询】-中国天气网...
2025-12-03 22:41:39,414 - INFO - 提取概要: 第一次来成都,妹子被这城建震撼到了,和广州比谁更胜一筹?_哔哩......
2025-12-03 22:41:39,417 - INFO - 提取概要: 四川省成都市简介2025年5月17日成都市，简称“蓉”，别称“锦城”，是四川省省会，国家中心城市，中...
2025-12-03 22:41:39,418 - INFO - 提取概要: 成都是怎样一座城市?6分钟视频带您了解它!,旅游,旅游攻略,好看视频...
2025-12-03 22:41:39,418 - INFO - 成功提取并去重 5 条搜索结果
2025-12-03 22:41:39,418 - ERROR - 保存提取的搜索结果失败: [Errno 2] No such file or directory: 'proceeded_pages\\search_scan_成都.json'
2025-12-03 22:41:49,844 - INFO - connection open
2025-12-03 22:42:13,927 - INFO - connection open
2025-12-03 22:42:21,275 - INFO - 原始关键词: 成都, 编码后: %E6%88%90%E9%83%BD
2025-12-03 22:42:21,275 - INFO - 准备访问URL: https://www.baidu.com/s?wd=%E6%88%90%E9%83%BD&pn=0
2025-12-03 22:42:22,418 - INFO - 请求成功，状态码: 200
2025-12-03 22:42:22,418 - INFO - 实际访问的URL: https://www.baidu.com/s?wd=%E6%88%90%E9%83%BD&pn=0
2025-12-03 22:42:22,421 - ERROR - 保存响应信息失败: [Errno 2] No such file or directory: 'search_cache\\search_info_成都_1.json'
2025-12-03 22:42:22,458 - INFO - 找到 5 个搜索结果项
2025-12-03 22:42:22,462 - INFO - 提取概要: 成都市生态环境局成都市生态环境局召开2025年第18次行政办公会暨第43次党组(扩大)会议成都市生态...
2025-12-03 22:42:22,462 - INFO - 提取概要: 【成都天气预报】成都天气预报一周_成都天气预报7天、15天、40......
2025-12-03 22:42:22,463 - INFO - 提取概要: 幸福成都-成都市人民政府...
2025-12-03 22:42:22,463 - INFO - 提取概要: 成都市发展和改革委员会...
2025-12-03 22:42:22,463 - INFO - 提取概要: 成都市人民政府成都东郊记忆园区运营管理有限公司2026年度法律顾问单位选聘项目比选公告 员工招聘 资...
2025-12-03 22:42:22,463 - INFO - 成功提取并去重 5 条搜索结果
2025-12-03 22:42:22,463 - ERROR - 保存提取的搜索结果失败: [Errno 2] No such file or directory: 'proceeded_pages\\search_scan_成都.json'
2025-12-03 22:43:14,034 - INFO - 原始关键词: 川菜, 编码后: %E5%B7%9D%E8%8F%9C
2025-12-03 22:43:14,034 - INFO - 准备访问URL: https://www.baidu.com/s?wd=%E5%B7%9D%E8%8F%9C&pn=0
2025-12-03 22:43:15,200 - INFO - 请求成功，状态码: 200
2025-12-03 22:43:15,200 - INFO - 实际访问的URL: https://www.baidu.com/s?wd=%E5%B7%9D%E8%8F%9C&pn=0
2025-12-03 22:43:15,202 - ERROR - 保存响应信息失败: [Errno 2] No such file or directory: 'search_cache\\search_info_川菜_1.json'
2025-12-03 22:43:15,298 - INFO - 找到 3 个搜索结果项
2025-12-03 22:43:15,299 - INFO - 提取概要: 川菜作为具有世界影响力的特大菜系,一直是中餐国际化的“排头兵” 让......
2025-12-03 22:43:15,303 - INFO - 提取概要: 川菜- 百度百科“樟茶鸭子”是川菜宴席的一款名菜。此菜是选用成都南路鸭。[详细] 回锅肉 回锅肉是中...
2025-12-03 22:43:15,306 - INFO - 提取概要: 家常川菜(下厨房)家常川菜来自李牧渊 爆炒腰花 有你很满足娟 7.7 综合评分 (675 人做过) ...
2025-12-03 22:43:15,306 - INFO - 成功提取并去重 3 条搜索结果
2025-12-03 22:43:15,308 - ERROR - 保存提取的搜索结果失败: [Errno 2] No such file or directory: 'proceeded_pages\\search_scan_川菜.json'
2025-12-03 22:43:15,310 - INFO - 原始关键词: 川菜, 编码后: %E5%B7%9D%E8%8F%9C
2025-12-03 22:43:15,310 - INFO - 准备访问URL: https://www.baidu.com/s?wd=%E5%B7%9D%E8%8F%9C&pn=10
2025-12-03 22:43:16,369 - INFO - 请求成功，状态码: 200
2025-12-03 22:43:16,371 - INFO - 实际访问的URL: https://www.baidu.com/s?wd=%E5%B7%9D%E8%8F%9C&pn=10
2025-12-03 22:43:16,372 - ERROR - 保存响应信息失败: [Errno 2] No such file or directory: 'search_cache\\search_info_川菜_2.json'
2025-12-03 22:43:16,400 - INFO - 找到 10 个搜索结果项
2025-12-03 22:43:16,400 - INFO - 提取概要: 无辣不欢,够劲够爽的经典川菜- 菜谱 - 香哈网...
2025-12-03 22:43:16,400 - INFO - 提取概要: 四川十大经典名菜:国宴开水白菜只能排第6,鱼香肉丝勉强上榜...
2025-12-03 22:43:16,400 - INFO - 提取概要: 盘点10特色川菜经典菜品:从麻婆豆腐到水煮鱼,你最喜欢哪道呢?...
2025-12-03 22:43:16,410 - INFO - 提取概要: 四川省十大美食——麻辣江湖的味觉密码...
2025-12-03 22:43:16,412 - INFO - 提取概要: 十道精品川菜,做法独特,味道一绝,值得大家参考和收藏...
2025-12-03 22:43:16,414 - INFO - 提取概要: 川菜不止有辣!这8道地道风味,吃完才算没白来!...
2025-12-03 22:43:16,415 - INFO - 提取概要: 舌尖上的火辣盛宴:川菜十大经典佳肴揭秘...
2025-12-03 22:43:16,416 - INFO - 提取概要: 川菜十大名菜:麻辣鲜香的味觉江湖...
2025-12-03 22:43:16,418 - INFO - 提取概要: 吃货必看!四川8道美味川菜,让你欲罢不能!...
2025-12-03 22:43:16,419 - INFO - 提取概要: 川菜江湖的味觉狂欢:这十大经典引爆了全国人民的舌尖!...
2025-12-03 22:43:16,419 - INFO - 成功提取并去重 10 条搜索结果
2025-12-03 22:43:16,419 - ERROR - 保存提取的搜索结果失败: [Errno 2] No such file or directory: 'proceeded_pages\\search_scan_川菜.json'
2025-12-04 03:28:47,797 - INFO - connection open
2025-12-04 19:36:23,097 - INFO - server listening on 127.0.0.1:8000
2025-12-04 19:36:23,097 - INFO - server listening on [::1]:8000
2025-12-04 19:36:30,010 - INFO - connection open
2025-12-04 19:36:41,271 - INFO - connection open
2025-12-04 19:37:08,629 - INFO - 原始关键词: ASCII, 编码后: ASCII
2025-12-04 19:37:08,630 - INFO - 准备访问URL: https://www.baidu.com/s?wd=ASCII&pn=0
2025-12-04 19:37:09,595 - INFO - 请求成功，状态码: 200
2025-12-04 19:37:09,595 - INFO - 实际访问的URL: https://www.baidu.com/s?wd=ASCII&pn=0
2025-12-04 19:37:09,595 - ERROR - 保存响应信息失败: [Errno 2] No such file or directory: 'search_cache\\search_info_ASCII_1.json'
2025-12-04 19:37:09,624 - INFO - 找到 8 个搜索结果项
2025-12-04 19:37:09,625 - INFO - 提取概要: ASCII码对应表,ASCII码值的大小顺序 - 知乎...
2025-12-04 19:37:09,626 - INFO - 提取概要: ASCII表 | 菜鸟教程...
2025-12-04 19:37:09,626 - INFO - 提取概要: ASCII码、Unicode编码对照表 —— ASCII控制字符 Unicode编码 字符编 ......
2025-12-04 19:37:09,628 - INFO - 提取概要: ASCII、Unicode、GBK、UTF-8编码_ascii码-CSDN博客...
2025-12-04 19:37:09,630 - INFO - 提取概要: ASCII码对照表ASCII对照表 HTTP状态码详解 运算符优先级 TCP/UDP常见端口参考 网...
2025-12-04 19:37:09,631 - INFO - 提取概要: ASCII码一览表,ASCII码对照表(超级肝)...
2025-12-04 19:37:09,632 - INFO - 提取概要: ASCII码对照表详解...
2025-12-04 19:37:09,635 - INFO - 提取概要: ASCII码对照表ASCII码表 信息在计算机上是用二进制表示的,这种表示法让人理解就很困难。因此计...
2025-12-04 19:37:09,635 - INFO - 成功提取并去重 8 条搜索结果
2025-12-04 19:37:09,635 - ERROR - 保存提取的搜索结果失败: [Errno 2] No such file or directory: 'proceeded_pages\\search_scan_ASCII.json'
2025-12-04 19:37:40,270 - INFO - connection open
