2025-12-04 19:55:25,341 - INFO - server listening on 127.0.0.1:8000
2025-12-04 19:55:25,341 - INFO - server listening on [::1]:8000
2025-12-04 19:56:30,984 - INFO - connection open
2025-12-04 19:57:01,142 - INFO - connection open
2025-12-04 19:57:08,320 - INFO - 原始关键词: 宜宾, 编码后: %E5%AE%9C%E5%AE%BE
2025-12-04 19:57:08,321 - INFO - 准备访问URL: https://www.baidu.com/s?wd=%E5%AE%9C%E5%AE%BE&pn=0
2025-12-04 19:57:09,520 - INFO - 请求成功，状态码: 200
2025-12-04 19:57:09,520 - INFO - 实际访问的URL: https://www.baidu.com/s?wd=%E5%AE%9C%E5%AE%BE&pn=0
2025-12-04 19:57:09,523 - ERROR - 保存响应信息失败: [Errno 2] No such file or directory: 'search_cache\\search_info_宜宾_1.json'
2025-12-04 19:57:09,588 - INFO - 找到 5 个搜索结果项
2025-12-04 19:57:09,590 - INFO - 提取概要: 宜宾市人民政府网站不仅宣传政务，还包含多项服务，并持续发布干部任前公示信息。1...
2025-12-04 19:57:09,592 - INFO - 提取概要: 【宜宾天气预报15天_宜宾天气预报15天查询】-中国天气网...
2025-12-04 19:57:09,593 - INFO - 提取概要: 走进万里长江第一城,四川宜宾市,这里也是长江的起点,旅游,旅游......
2025-12-04 19:57:09,599 - INFO - 提取概要: 四川省宜宾市简介2025年6月6日四川省宜宾市简介️地理位置位于四川省东南部，地处川、滇、黔三省结合...
2025-12-04 19:57:09,600 - INFO - 提取概要: 走进宜宾-宜宾市人民政府网站...
2025-12-04 19:57:09,600 - INFO - 成功提取并去重 5 条搜索结果
2025-12-04 19:57:09,601 - ERROR - 保存提取的搜索结果失败: [Errno 2] No such file or directory: 'proceeded_pages\\search_scan_宜宾.json'
2025-12-04 19:58:04,392 - INFO - 原始关键词: 宜宾, 编码后: %E5%AE%9C%E5%AE%BE
2025-12-04 19:58:04,393 - INFO - 准备访问URL: https://www.baidu.com/s?wd=%E5%AE%9C%E5%AE%BE&pn=0
2025-12-04 19:58:05,857 - INFO - 请求成功，状态码: 200
2025-12-04 19:58:05,858 - INFO - 实际访问的URL: https://www.baidu.com/s?wd=%E5%AE%9C%E5%AE%BE&pn=0
2025-12-04 19:58:05,866 - ERROR - 保存响应信息失败: [Errno 2] No such file or directory: 'search_cache\\search_info_宜宾_1.json'
2025-12-04 19:58:05,945 - INFO - 找到 3 个搜索结果项
2025-12-04 19:58:05,949 - INFO - 提取概要: 宜宾市人民政府网站宜宾市人民政府网站是宜宾市人民政府对外宣传的窗口,是推进电子政务的重要一环,是宜宾...
2025-12-04 19:58:05,950 - INFO - 提取概要: 【宜宾天气预报15天_宜宾天气预报15天查询】-中国天气网...
2025-12-04 19:58:05,952 - INFO - 提取概要: 天气-宜宾市人民政府网站...
2025-12-04 19:58:05,952 - INFO - 成功提取并去重 3 条搜索结果
2025-12-04 19:58:05,952 - ERROR - 保存提取的搜索结果失败: [Errno 2] No such file or directory: 'proceeded_pages\\search_scan_宜宾.json'
2025-12-04 19:59:05,788 - INFO - connection open
2025-12-04 19:59:41,583 - INFO - connection open
2025-12-04 20:00:17,205 - INFO - connection open
2025-12-04 20:00:52,440 - INFO - connection open
2025-12-04 20:01:06,279 - INFO - connection open
2025-12-04 20:04:46,117 - INFO - connection open
2025-12-04 20:05:36,494 - INFO - connection open
2025-12-04 20:06:35,153 - INFO - connection open
2025-12-04 20:06:44,236 - INFO - connection open
2025-12-04 20:06:45,017 - INFO - connection open
2025-12-04 20:06:47,529 - INFO - connection open
2025-12-04 20:08:37,759 - INFO - connection open
2025-12-04 20:09:34,489 - INFO - connection open
2025-12-04 20:09:37,113 - INFO - connection open
2025-12-04 20:09:47,733 - INFO - connection open
2025-12-04 20:10:07,741 - INFO - connection open
2025-12-04 20:11:08,664 - INFO - connection open
2025-12-04 20:11:51,579 - INFO - connection open
2025-12-04 20:11:56,502 - INFO - connection open
2025-12-04 20:12:40,408 - INFO - connection open
2025-12-04 20:12:49,890 - INFO - connection open
2025-12-04 20:12:51,504 - INFO - connection open
2025-12-04 20:14:47,088 - INFO - connection open
2025-12-04 20:15:08,829 - INFO - connection open
2025-12-04 20:15:17,401 - INFO - 原始关键词: 宜宾, 编码后: %E5%AE%9C%E5%AE%BE
2025-12-04 20:15:17,401 - INFO - 准备访问URL: https://www.baidu.com/s?wd=%E5%AE%9C%E5%AE%BE&pn=0
2025-12-04 20:15:19,302 - INFO - 请求成功，状态码: 200
2025-12-04 20:15:19,302 - INFO - 实际访问的URL: https://www.baidu.com/s?wd=%E5%AE%9C%E5%AE%BE&pn=0
2025-12-04 20:15:19,305 - ERROR - 保存响应信息失败: [Errno 2] No such file or directory: 'search_cache\\search_info_宜宾_1.json'
2025-12-04 20:15:19,362 - INFO - 找到 3 个搜索结果项
2025-12-04 20:15:19,367 - INFO - 提取概要: 宜宾市人民政府网站宜宾市人民政府网站是宜宾市人民政府对外宣传的窗口,是推进电子政务的重要一环,是宜宾...
2025-12-04 20:15:19,369 - INFO - 提取概要: 【宜宾天气预报15天_宜宾天气预报15天查询】-中国天气网...
2025-12-04 20:15:19,372 - INFO - 提取概要: 走进万里长江第一城,四川宜宾市,这里也是长江的起点,旅游,旅游......
2025-12-04 20:15:19,373 - INFO - 成功提取并去重 3 条搜索结果
2025-12-04 20:15:19,373 - ERROR - 保存提取的搜索结果失败: [Errno 2] No such file or directory: 'proceeded_pages\\search_scan_宜宾.json'
2025-12-04 20:15:34,058 - INFO - connection open
2025-12-04 20:20:43,552 - INFO - connection open
2025-12-04 20:20:54,725 - INFO - connection open
2025-12-04 20:21:16,456 - INFO - connection open
2025-12-04 20:21:20,446 - INFO - 原始关键词: 宜宾, 编码后: %E5%AE%9C%E5%AE%BE
2025-12-04 20:21:20,448 - INFO - 准备访问URL: https://www.baidu.com/s?wd=%E5%AE%9C%E5%AE%BE&pn=0
2025-12-04 20:21:24,176 - INFO - 请求成功，状态码: 200
2025-12-04 20:21:24,181 - INFO - 实际访问的URL: https://www.baidu.com/s?wd=%E5%AE%9C%E5%AE%BE&pn=0
2025-12-04 20:21:24,213 - ERROR - 保存响应信息失败: [Errno 2] No such file or directory: 'search_cache\\search_info_宜宾_1.json'
2025-12-04 20:21:24,716 - INFO - 找到 3 个搜索结果项
2025-12-04 20:21:24,762 - INFO - 提取概要: 宜宾市人民政府网站宜宾市人民政府网站是宜宾市人民政府对外宣传的窗口,是推进电子政务的重要一环,是宜宾...
2025-12-04 20:21:24,771 - INFO - 提取概要: 【宜宾天气预报15天_宜宾天气预报15天查询】-中国天气网...
2025-12-04 20:21:24,782 - INFO - 提取概要: 走进万里长江第一城,四川宜宾市,这里也是长江的起点,旅游,旅游......
2025-12-04 20:21:24,794 - INFO - 成功提取并去重 3 条搜索结果
2025-12-04 20:21:24,795 - ERROR - 保存提取的搜索结果失败: [Errno 2] No such file or directory: 'proceeded_pages\\search_scan_宜宾.json'
2025-12-04 20:21:55,808 - INFO - connection open
2025-12-04 20:22:38,358 - INFO - connection open
2025-12-04 20:22:46,236 - INFO - 原始关键词: 宜宾, 编码后: %E5%AE%9C%E5%AE%BE
2025-12-04 20:22:46,266 - INFO - 准备访问URL: https://www.baidu.com/s?wd=%E5%AE%9C%E5%AE%BE&pn=0
2025-12-04 20:22:49,109 - INFO - 请求成功，状态码: 200
2025-12-04 20:22:49,119 - INFO - 实际访问的URL: https://www.baidu.com/s?wd=%E5%AE%9C%E5%AE%BE&pn=0
2025-12-04 20:22:49,139 - ERROR - 保存响应信息失败: [Errno 2] No such file or directory: 'search_cache\\search_info_宜宾_1.json'
2025-12-04 20:22:49,561 - INFO - 找到 3 个搜索结果项
2025-12-04 20:22:49,581 - INFO - 提取概要: 宜宾市人民政府网站宜宾市人民政府网站是宜宾市人民政府对外宣传的窗口,是推进电子政务的重要一环,是宜宾...
2025-12-04 20:22:49,588 - INFO - 提取概要: 【宜宾天气预报15天_宜宾天气预报15天查询】-中国天气网...
2025-12-04 20:22:49,606 - INFO - 提取概要: 走进万里长江第一城,四川宜宾市,这里也是长江的起点,旅游,旅游......
2025-12-04 20:22:49,616 - INFO - 成功提取并去重 3 条搜索结果
2025-12-04 20:22:49,627 - ERROR - 保存提取的搜索结果失败: [Errno 2] No such file or directory: 'proceeded_pages\\search_scan_宜宾.json'
2025-12-04 20:23:10,676 - INFO - connection open
2025-12-04 20:23:30,787 - INFO - connection open
2025-12-04 20:23:35,917 - INFO - 原始关键词: 雅安, 编码后: %E9%9B%85%E5%AE%89
2025-12-04 20:23:35,968 - INFO - 准备访问URL: https://www.baidu.com/s?wd=%E9%9B%85%E5%AE%89&pn=0
2025-12-04 20:23:39,768 - INFO - 请求成功，状态码: 200
2025-12-04 20:23:39,794 - INFO - 实际访问的URL: https://www.baidu.com/s?wd=%E9%9B%85%E5%AE%89&pn=0
2025-12-04 20:23:39,866 - ERROR - 保存响应信息失败: [Errno 2] No such file or directory: 'search_cache\\search_info_雅安_1.json'
2025-12-04 20:23:40,535 - INFO - 找到 4 个搜索结果项
2025-12-04 20:23:40,578 - INFO - 提取概要: 雅安招生考试网雅安市2026年普通高校招生美术与设计类专业统考参考提醒 12-01 四川省2025年...
2025-12-04 20:23:40,607 - INFO - 提取概要: 雅安市举行2024年抗震救灾综合实战应急演练 - 雅安市人民政府...
2025-12-04 20:23:40,615 - INFO - 提取概要: 雅安市人民政府网站 手机版...
2025-12-04 20:23:40,631 - INFO - 提取概要: 2025雅安旅游攻略,雅安自由行攻略,马蜂窝雅安出游攻略游记 - 马蜂窝...
2025-12-04 20:23:40,640 - INFO - 成功提取并去重 4 条搜索结果
2025-12-04 20:23:40,653 - ERROR - 保存提取的搜索结果失败: [Errno 2] No such file or directory: 'proceeded_pages\\search_scan_雅安.json'
2025-12-04 20:23:57,297 - INFO - 原始关键词: 雅安, 编码后: %E9%9B%85%E5%AE%89
2025-12-04 20:23:57,318 - INFO - 准备访问URL: https://www.baidu.com/s?wd=%E9%9B%85%E5%AE%89&pn=0
2025-12-04 20:24:00,058 - INFO - 请求成功，状态码: 200
2025-12-04 20:24:00,074 - INFO - 实际访问的URL: https://www.baidu.com/s?wd=%E9%9B%85%E5%AE%89&pn=0
2025-12-04 20:24:00,106 - ERROR - 保存响应信息失败: [Errno 2] No such file or directory: 'search_cache\\search_info_雅安_1.json'
2025-12-04 20:24:00,661 - INFO - 找到 4 个搜索结果项
2025-12-04 20:24:00,680 - INFO - 提取概要: 雅安招生考试网雅安市2026年普通高校招生美术与设计类专业统考参考提醒 12-01 四川省2025年...
2025-12-04 20:24:00,694 - INFO - 提取概要: 雅安市举行2024年抗震救灾综合实战应急演练 - 雅安市人民政府...
2025-12-04 20:24:00,701 - INFO - 提取概要: 雅安市人民政府网站 手机版...
2025-12-04 20:24:00,724 - INFO - 提取概要: 2025雅安旅游攻略,雅安自由行攻略,马蜂窝雅安出游攻略游记 - 马蜂窝...
2025-12-04 20:24:00,733 - INFO - 成功提取并去重 4 条搜索结果
2025-12-04 20:24:00,745 - ERROR - 保存提取的搜索结果失败: [Errno 2] No such file or directory: 'proceeded_pages\\search_scan_雅安.json'
2025-12-04 20:25:16,959 - INFO - connection open
2025-12-04 20:25:43,068 - INFO - connection open
2025-12-04 20:26:21,115 - INFO - 原始关键词: 宜宾, 编码后: %E5%AE%9C%E5%AE%BE
2025-12-04 20:26:21,130 - INFO - 准备访问URL: https://www.baidu.com/s?wd=%E5%AE%9C%E5%AE%BE&pn=0
2025-12-04 20:26:23,496 - INFO - 请求成功，状态码: 200
2025-12-04 20:26:23,497 - INFO - 实际访问的URL: https://www.baidu.com/s?wd=%E5%AE%9C%E5%AE%BE&pn=0
2025-12-04 20:26:23,511 - ERROR - 保存响应信息失败: [Errno 2] No such file or directory: 'search_cache\\search_info_宜宾_1.json'
2025-12-04 20:26:24,027 - INFO - 找到 5 个搜索结果项
2025-12-04 20:26:24,070 - INFO - 提取概要: 宜宾市人民政府网站宜宾市人民政府网站是宜宾市人民政府对外宣传的窗口,是推进电子政务的重要一环,是宜宾...
2025-12-04 20:26:24,078 - INFO - 提取概要: 旅游线路-宜宾市人民政府网站...
2025-12-04 20:26:24,164 - INFO - 提取概要: 宜宾市卫生健康委员会宜宾市卫生健康委员会网站由宜宾市卫生健康委员会主办,是市卫生健康委发布卫生健康工...
2025-12-04 20:26:24,205 - INFO - 提取概要: 宜宾新闻网宜宾市委、市政府以新闻为主的宜宾新闻门户网站,下设宜宾新闻网、掌上宜宾客户端、宜宾党政快讯...
2025-12-04 20:26:24,251 - INFO - 提取概要: 宜宾电视台 - 首页建议使用手机访问此页面扫描二维码用手机查看~宜宾广播电视台...
2025-12-04 20:26:24,258 - INFO - 成功提取并去重 5 条搜索结果
2025-12-04 20:26:24,277 - ERROR - 保存提取的搜索结果失败: [Errno 2] No such file or directory: 'proceeded_pages\\search_scan_宜宾.json'
2025-12-04 20:26:53,704 - INFO - 原始关键词: 宜宾, 编码后: %E5%AE%9C%E5%AE%BE
2025-12-04 20:26:53,721 - INFO - 准备访问URL: https://www.baidu.com/s?wd=%E5%AE%9C%E5%AE%BE&pn=0
2025-12-04 20:26:57,434 - INFO - 请求成功，状态码: 200
2025-12-04 20:26:57,435 - INFO - 实际访问的URL: https://www.baidu.com/s?wd=%E5%AE%9C%E5%AE%BE&pn=0
2025-12-04 20:26:57,447 - ERROR - 保存响应信息失败: [Errno 2] No such file or directory: 'search_cache\\search_info_宜宾_1.json'
2025-12-04 20:26:58,022 - INFO - 找到 5 个搜索结果项
2025-12-04 20:26:58,064 - INFO - 提取概要: 宜宾市人民政府网站宜宾市人民政府网站是宜宾市人民政府对外宣传的窗口,是推进电子政务的重要一环,是宜宾...
2025-12-04 20:26:58,072 - INFO - 提取概要: 旅游线路-宜宾市人民政府网站...
2025-12-04 20:26:58,135 - INFO - 提取概要: 宜宾市卫生健康委员会宜宾市卫生健康委员会网站由宜宾市卫生健康委员会主办,是市卫生健康委发布卫生健康工...
2025-12-04 20:26:58,189 - INFO - 提取概要: 宜宾新闻网宜宾市委、市政府以新闻为主的宜宾新闻门户网站,下设宜宾新闻网、掌上宜宾客户端、宜宾党政快讯...
2025-12-04 20:26:58,218 - INFO - 提取概要: 宜宾电视台 - 首页建议使用手机访问此页面扫描二维码用手机查看~宜宾广播电视台...
2025-12-04 20:26:58,224 - INFO - 成功提取并去重 5 条搜索结果
2025-12-04 20:26:58,225 - ERROR - 保存提取的搜索结果失败: [Errno 2] No such file or directory: 'proceeded_pages\\search_scan_宜宾.json'
2025-12-04 20:27:00,820 - INFO - 原始关键词: 宜宾, 编码后: %E5%AE%9C%E5%AE%BE
2025-12-04 20:27:00,822 - INFO - 准备访问URL: https://www.baidu.com/s?wd=%E5%AE%9C%E5%AE%BE&pn=0
2025-12-04 20:27:03,113 - INFO - 请求成功，状态码: 200
2025-12-04 20:27:03,115 - INFO - 实际访问的URL: https://www.baidu.com/s?wd=%E5%AE%9C%E5%AE%BE&pn=0
2025-12-04 20:27:03,129 - ERROR - 保存响应信息失败: [Errno 2] No such file or directory: 'search_cache\\search_info_宜宾_1.json'
2025-12-04 20:27:03,530 - INFO - 找到 5 个搜索结果项
2025-12-04 20:27:03,561 - INFO - 提取概要: 宜宾市人民政府网站宜宾市人民政府网站是宜宾市人民政府对外宣传的窗口,是推进电子政务的重要一环,是宜宾...
2025-12-04 20:27:03,578 - INFO - 提取概要: 旅游线路-宜宾市人民政府网站...
2025-12-04 20:27:03,636 - INFO - 提取概要: 宜宾市卫生健康委员会宜宾市卫生健康委员会网站由宜宾市卫生健康委员会主办,是市卫生健康委发布卫生健康工...
2025-12-04 20:27:03,675 - INFO - 提取概要: 宜宾新闻网宜宾市委、市政府以新闻为主的宜宾新闻门户网站,下设宜宾新闻网、掌上宜宾客户端、宜宾党政快讯...
2025-12-04 20:27:03,716 - INFO - 提取概要: 宜宾电视台 - 首页建议使用手机访问此页面扫描二维码用手机查看~宜宾广播电视台...
2025-12-04 20:27:03,719 - INFO - 成功提取并去重 5 条搜索结果
2025-12-04 20:27:03,720 - ERROR - 保存提取的搜索结果失败: [Errno 2] No such file or directory: 'proceeded_pages\\search_scan_宜宾.json'
2025-12-04 20:27:06,080 - INFO - 原始关键词: 宜宾, 编码后: %E5%AE%9C%E5%AE%BE
2025-12-04 20:27:06,081 - INFO - 准备访问URL: https://www.baidu.com/s?wd=%E5%AE%9C%E5%AE%BE&pn=0
2025-12-04 20:27:09,277 - INFO - 请求成功，状态码: 200
2025-12-04 20:27:09,277 - INFO - 实际访问的URL: https://www.baidu.com/s?wd=%E5%AE%9C%E5%AE%BE&pn=0
2025-12-04 20:27:09,285 - ERROR - 保存响应信息失败: [Errno 2] No such file or directory: 'search_cache\\search_info_宜宾_1.json'
2025-12-04 20:27:09,631 - INFO - 找到 5 个搜索结果项
2025-12-04 20:27:09,659 - INFO - 提取概要: 宜宾市人民政府网站宜宾市人民政府网站是宜宾市人民政府对外宣传的窗口,是推进电子政务的重要一环,是宜宾...
2025-12-04 20:27:09,666 - INFO - 提取概要: 旅游线路-宜宾市人民政府网站...
2025-12-04 20:27:09,712 - INFO - 提取概要: 宜宾市卫生健康委员会宜宾市卫生健康委员会网站由宜宾市卫生健康委员会主办,是市卫生健康委发布卫生健康工...
2025-12-04 20:27:09,740 - INFO - 提取概要: 宜宾新闻网宜宾市委、市政府以新闻为主的宜宾新闻门户网站,下设宜宾新闻网、掌上宜宾客户端、宜宾党政快讯...
2025-12-04 20:27:09,779 - INFO - 提取概要: 宜宾电视台 - 首页建议使用手机访问此页面扫描二维码用手机查看~宜宾广播电视台...
2025-12-04 20:27:09,780 - INFO - 成功提取并去重 5 条搜索结果
2025-12-04 20:27:09,782 - ERROR - 保存提取的搜索结果失败: [Errno 2] No such file or directory: 'proceeded_pages\\search_scan_宜宾.json'
2025-12-04 20:31:40,291 - INFO - connection open
2025-12-04 20:32:11,853 - INFO - connection open
2025-12-04 20:32:16,977 - INFO - 原始关键词: 宜宾, 编码后: %E5%AE%9C%E5%AE%BE
2025-12-04 20:32:16,978 - INFO - 准备访问URL: https://www.baidu.com/s?wd=%E5%AE%9C%E5%AE%BE&pn=0
2025-12-04 20:32:18,843 - INFO - 请求成功，状态码: 200
2025-12-04 20:32:18,844 - INFO - 实际访问的URL: https://www.baidu.com/s?wd=%E5%AE%9C%E5%AE%BE&pn=0
2025-12-04 20:32:18,849 - ERROR - 保存响应信息失败: [Errno 2] No such file or directory: 'search_cache\\search_info_宜宾_1.json'
2025-12-04 20:32:19,027 - INFO - 找到 5 个搜索结果项
2025-12-04 20:32:19,051 - INFO - 提取概要: 宜宾市人民政府网站宜宾市人民政府网站是宜宾市人民政府对外宣传的窗口,是推进电子政务的重要一环,是宜宾...
2025-12-04 20:32:19,062 - INFO - 提取概要: 旅游线路-宜宾市人民政府网站...
2025-12-04 20:32:19,122 - INFO - 提取概要: 宜宾市卫生健康委员会宜宾市卫生健康委员会网站由宜宾市卫生健康委员会主办,是市卫生健康委发布卫生健康工...
2025-12-04 20:32:19,170 - INFO - 提取概要: 宜宾新闻网宜宾市委、市政府以新闻为主的宜宾新闻门户网站,下设宜宾新闻网、掌上宜宾客户端、宜宾党政快讯...
2025-12-04 20:32:19,204 - INFO - 提取概要: 宜宾电视台 - 首页建议使用手机访问此页面扫描二维码用手机查看~宜宾广播电视台...
2025-12-04 20:32:19,205 - INFO - 成功提取并去重 5 条搜索结果
2025-12-04 20:32:19,205 - ERROR - 保存提取的搜索结果失败: [Errno 2] No such file or directory: 'proceeded_pages\\search_scan_宜宾.json'
2025-12-04 20:32:48,874 - INFO - 原始关键词: 宜宾, 编码后: %E5%AE%9C%E5%AE%BE
2025-12-04 20:32:48,874 - INFO - 准备访问URL: https://www.baidu.com/s?wd=%E5%AE%9C%E5%AE%BE&pn=0
2025-12-04 20:32:50,863 - INFO - 请求成功，状态码: 200
2025-12-04 20:32:50,865 - INFO - 实际访问的URL: https://www.baidu.com/s?wd=%E5%AE%9C%E5%AE%BE&pn=0
2025-12-04 20:32:50,870 - ERROR - 保存响应信息失败: [Errno 2] No such file or directory: 'search_cache\\search_info_宜宾_1.json'
2025-12-04 20:32:51,007 - INFO - 找到 5 个搜索结果项
2025-12-04 20:32:51,016 - INFO - 提取概要: 宜宾市人民政府网站宜宾市人民政府网站是宜宾市人民政府对外宣传的窗口,是推进电子政务的重要一环,是宜宾...
2025-12-04 20:32:51,021 - INFO - 提取概要: 旅游线路-宜宾市人民政府网站...
2025-12-04 20:32:51,038 - INFO - 提取概要: 宜宾市卫生健康委员会宜宾市卫生健康委员会网站由宜宾市卫生健康委员会主办,是市卫生健康委发布卫生健康工...
2025-12-04 20:32:51,050 - INFO - 提取概要: 宜宾新闻网宜宾市委、市政府以新闻为主的宜宾新闻门户网站,下设宜宾新闻网、掌上宜宾客户端、宜宾党政快讯...
2025-12-04 20:32:51,066 - INFO - 提取概要: 宜宾电视台 - 首页建议使用手机访问此页面扫描二维码用手机查看~宜宾广播电视台...
2025-12-04 20:32:51,067 - INFO - 成功提取并去重 5 条搜索结果
2025-12-04 20:32:51,067 - ERROR - 保存提取的搜索结果失败: [Errno 2] No such file or directory: 'proceeded_pages\\search_scan_宜宾.json'
2025-12-04 20:33:02,910 - INFO - 原始关键词: 四川农业大学, 编码后: %E5%9B%9B%E5%B7%9D%E5%86%9C%E4%B8%9A%E5%A4%A7%E5%AD%A6
2025-12-04 20:33:02,911 - INFO - 准备访问URL: https://www.baidu.com/s?wd=%E5%9B%9B%E5%B7%9D%E5%86%9C%E4%B8%9A%E5%A4%A7%E5%AD%A6&pn=0
2025-12-04 20:33:05,148 - INFO - 请求成功，状态码: 200
2025-12-04 20:33:05,149 - INFO - 实际访问的URL: https://www.baidu.com/s?wd=%E5%9B%9B%E5%B7%9D%E5%86%9C%E4%B8%9A%E5%A4%A7%E5%AD%A6&pn=0
2025-12-04 20:33:05,161 - ERROR - 保存响应信息失败: [Errno 2] No such file or directory: 'search_cache\\search_info_四川农业大学_1.json'
2025-12-04 20:33:05,370 - INFO - 找到 3 个搜索结果项
2025-12-04 20:33:05,383 - INFO - 提取概要: 四川农业大学官方张云红 【优秀标兵】张云红,中共党员,资源学院植物营养学2020级博士研究生,师从李...
2025-12-04 20:33:05,395 - INFO - 提取概要: 四川农业大学研究生院2025-07-04校地共育助力乡村振兴 科技赋能锻造兴农栋梁 2025-05-...
2025-12-04 20:33:05,398 - INFO - 提取概要: 四川农业大学的微博_微博...
2025-12-04 20:33:05,399 - INFO - 成功提取并去重 3 条搜索结果
2025-12-04 20:33:05,400 - ERROR - 保存提取的搜索结果失败: [Errno 2] No such file or directory: 'proceeded_pages\\search_scan_四川农业大学.json'
2025-12-04 20:33:12,331 - INFO - 原始关键词: 四川农业大学, 编码后: %E5%9B%9B%E5%B7%9D%E5%86%9C%E4%B8%9A%E5%A4%A7%E5%AD%A6
2025-12-04 20:33:12,332 - INFO - 准备访问URL: https://www.baidu.com/s?wd=%E5%9B%9B%E5%B7%9D%E5%86%9C%E4%B8%9A%E5%A4%A7%E5%AD%A6&pn=0
2025-12-04 20:33:19,990 - INFO - 请求成功，状态码: 200
2025-12-04 20:33:19,991 - INFO - 实际访问的URL: https://www.baidu.com/s?wd=%E5%9B%9B%E5%B7%9D%E5%86%9C%E4%B8%9A%E5%A4%A7%E5%AD%A6&pn=0
2025-12-04 20:33:19,996 - ERROR - 保存响应信息失败: [Errno 2] No such file or directory: 'search_cache\\search_info_四川农业大学_1.json'
2025-12-04 20:33:20,204 - INFO - 找到 3 个搜索结果项
2025-12-04 20:33:20,224 - INFO - 提取概要: 四川农业大学官方张云红 【优秀标兵】张云红,中共党员,资源学院植物营养学2020级博士研究生,师从李...
2025-12-04 20:33:20,239 - INFO - 提取概要: 四川农业大学研究生院2025-07-04校地共育助力乡村振兴 科技赋能锻造兴农栋梁 2025-05-...
2025-12-04 20:33:20,242 - INFO - 提取概要: 四川农业大学的微博_微博...
2025-12-04 20:33:20,243 - INFO - 成功提取并去重 3 条搜索结果
2025-12-04 20:33:20,244 - ERROR - 保存提取的搜索结果失败: [Errno 2] No such file or directory: 'proceeded_pages\\search_scan_四川农业大学.json'
2025-12-04 20:33:21,848 - INFO - 原始关键词: 四川农业大学, 编码后: %E5%9B%9B%E5%B7%9D%E5%86%9C%E4%B8%9A%E5%A4%A7%E5%AD%A6
2025-12-04 20:33:21,848 - INFO - 准备访问URL: https://www.baidu.com/s?wd=%E5%9B%9B%E5%B7%9D%E5%86%9C%E4%B8%9A%E5%A4%A7%E5%AD%A6&pn=0
2025-12-04 20:33:23,723 - INFO - 请求成功，状态码: 200
2025-12-04 20:33:23,724 - INFO - 实际访问的URL: https://www.baidu.com/s?wd=%E5%9B%9B%E5%B7%9D%E5%86%9C%E4%B8%9A%E5%A4%A7%E5%AD%A6&pn=0
2025-12-04 20:33:23,736 - ERROR - 保存响应信息失败: [Errno 2] No such file or directory: 'search_cache\\search_info_四川农业大学_1.json'
2025-12-04 20:33:24,110 - INFO - 找到 3 个搜索结果项
2025-12-04 20:33:24,139 - INFO - 提取概要: 四川农业大学官方张云红 【优秀标兵】张云红,中共党员,资源学院植物营养学2020级博士研究生,师从李...
2025-12-04 20:33:24,171 - INFO - 提取概要: 四川农业大学研究生院2025-07-04校地共育助力乡村振兴 科技赋能锻造兴农栋梁 2025-05-...
2025-12-04 20:33:24,181 - INFO - 提取概要: 四川农业大学的微博_微博...
2025-12-04 20:33:24,183 - INFO - 成功提取并去重 3 条搜索结果
2025-12-04 20:33:24,185 - ERROR - 保存提取的搜索结果失败: [Errno 2] No such file or directory: 'proceeded_pages\\search_scan_四川农业大学.json'
2025-12-04 20:33:25,980 - INFO - 原始关键词: 四川农业大学, 编码后: %E5%9B%9B%E5%B7%9D%E5%86%9C%E4%B8%9A%E5%A4%A7%E5%AD%A6
2025-12-04 20:33:25,981 - INFO - 准备访问URL: https://www.baidu.com/s?wd=%E5%9B%9B%E5%B7%9D%E5%86%9C%E4%B8%9A%E5%A4%A7%E5%AD%A6&pn=0
2025-12-04 20:33:28,744 - INFO - 请求成功，状态码: 200
2025-12-04 20:33:28,746 - INFO - 实际访问的URL: https://www.baidu.com/s?wd=%E5%9B%9B%E5%B7%9D%E5%86%9C%E4%B8%9A%E5%A4%A7%E5%AD%A6&pn=0
2025-12-04 20:33:28,762 - ERROR - 保存响应信息失败: [Errno 2] No such file or directory: 'search_cache\\search_info_四川农业大学_1.json'
2025-12-04 20:33:29,201 - INFO - 找到 3 个搜索结果项
2025-12-04 20:33:29,244 - INFO - 提取概要: 四川农业大学官方张云红 【优秀标兵】张云红,中共党员,资源学院植物营养学2020级博士研究生,师从李...
2025-12-04 20:33:29,285 - INFO - 提取概要: 四川农业大学研究生院2025-07-04校地共育助力乡村振兴 科技赋能锻造兴农栋梁 2025-05-...
2025-12-04 20:33:29,288 - INFO - 提取概要: 四川农业大学的微博_微博...
2025-12-04 20:33:29,288 - INFO - 成功提取并去重 3 条搜索结果
2025-12-04 20:33:29,289 - ERROR - 保存提取的搜索结果失败: [Errno 2] No such file or directory: 'proceeded_pages\\search_scan_四川农业大学.json'
2025-12-04 20:33:31,671 - INFO - 原始关键词: 四川农业大学, 编码后: %E5%9B%9B%E5%B7%9D%E5%86%9C%E4%B8%9A%E5%A4%A7%E5%AD%A6
2025-12-04 20:33:31,672 - INFO - 准备访问URL: https://www.baidu.com/s?wd=%E5%9B%9B%E5%B7%9D%E5%86%9C%E4%B8%9A%E5%A4%A7%E5%AD%A6&pn=0
2025-12-04 20:33:34,887 - INFO - 请求成功，状态码: 200
2025-12-04 20:33:34,888 - INFO - 实际访问的URL: https://www.baidu.com/s?wd=%E5%9B%9B%E5%B7%9D%E5%86%9C%E4%B8%9A%E5%A4%A7%E5%AD%A6&pn=0
2025-12-04 20:33:34,898 - ERROR - 保存响应信息失败: [Errno 2] No such file or directory: 'search_cache\\search_info_四川农业大学_1.json'
2025-12-04 20:33:35,295 - INFO - 找到 3 个搜索结果项
2025-12-04 20:33:35,335 - INFO - 提取概要: 四川农业大学官方张云红 【优秀标兵】张云红,中共党员,资源学院植物营养学2020级博士研究生,师从李...
2025-12-04 20:33:35,370 - INFO - 提取概要: 四川农业大学研究生院2025-07-04校地共育助力乡村振兴 科技赋能锻造兴农栋梁 2025-05-...
2025-12-04 20:33:35,380 - INFO - 提取概要: 四川农业大学的微博_微博...
2025-12-04 20:33:35,382 - INFO - 成功提取并去重 3 条搜索结果
2025-12-04 20:33:35,384 - ERROR - 保存提取的搜索结果失败: [Errno 2] No such file or directory: 'proceeded_pages\\search_scan_四川农业大学.json'
2025-12-04 20:35:05,472 - INFO - 原始关键词: 宜宾, 编码后: %E5%AE%9C%E5%AE%BE
2025-12-04 20:35:05,472 - INFO - 准备访问URL: https://www.baidu.com/s?wd=%E5%AE%9C%E5%AE%BE&pn=0
2025-12-04 20:35:06,723 - INFO - 请求成功，状态码: 200
2025-12-04 20:35:06,723 - INFO - 实际访问的URL: https://wappass.baidu.com/static/captcha/tuxing_v2.html?&logid=10669394540920904260&ak=c27bbc89afca0463650ac9bde68ebe06&backurl=https%3A%2F%2Fwww.baidu.com%2Fs%3Fwd%3D%25E5%25AE%259C%25E5%25AE%25BE%26pn%3D0&ext=x9G9QDmMXq%2FNo87gjGO0P0yOSl%2FoQkCgLPKJw%2B6CGts9qxHzv8tRxodBg5SciE9xUgqUK9LXd1cIlztrhMwivyGngbz2SZfCoDcoJ6O94ByffrQ75%2FiuCREDQw5HK7ojSCAe1EQ3IsG%2BFn2u6CQ8X0ggHtRENyLBvhZ9rugkPF%2BBcG6sclxTRLeDenOn4RZv&signature=369f416cf0492517865d81d50310941c&timestamp=1764851706
2025-12-04 20:35:06,724 - ERROR - 保存响应信息失败: [Errno 2] No such file or directory: 'search_cache\\search_info_宜宾_1.json'
2025-12-04 20:35:06,732 - INFO - 找到 0 个搜索结果项
2025-12-04 20:35:06,733 - INFO - 成功提取并去重 0 条搜索结果
2025-12-04 20:35:37,830 - INFO - connection open
2025-12-04 20:36:21,017 - INFO - connection open
2025-12-04 20:36:21,905 - INFO - connection open
2025-12-04 20:36:23,507 - INFO - connection open
2025-12-04 20:36:44,957 - INFO - connection open
2025-12-04 20:37:27,038 - INFO - connection open
2025-12-04 20:37:49,374 - INFO - connection open
2025-12-04 20:38:17,073 - INFO - connection open
2025-12-04 20:39:19,918 - INFO - connection open
2025-12-04 20:41:12,115 - INFO - connection open
2025-12-04 20:41:16,487 - INFO - connection open
2025-12-04 20:42:11,744 - INFO - connection open
2025-12-04 20:42:54,938 - INFO - connection open
2025-12-04 20:43:21,272 - INFO - connection open
2025-12-04 20:43:36,271 - INFO - connection open
2025-12-04 20:44:20,507 - INFO - connection open
2025-12-04 20:44:32,180 - INFO - connection open
2025-12-04 20:44:47,620 - INFO - connection open
2025-12-04 20:44:51,300 - INFO - connection open
2025-12-04 20:47:16,316 - INFO - connection open
2025-12-04 20:47:29,266 - INFO - connection open
2025-12-04 20:47:46,084 - INFO - connection open
2025-12-04 20:47:50,976 - INFO - connection open
2025-12-04 20:48:00,692 - INFO - connection open
2025-12-04 20:48:36,519 - INFO - connection open
2025-12-04 20:48:53,185 - INFO - connection open
2025-12-04 20:50:19,643 - INFO - connection open
2025-12-04 20:50:41,925 - INFO - connection open
2025-12-04 20:51:04,972 - INFO - connection open
2025-12-04 20:52:16,003 - INFO - connection open
2025-12-04 20:52:34,001 - INFO - connection open
2025-12-04 20:54:42,467 - INFO - connection open
2025-12-04 20:55:00,826 - INFO - connection open
2025-12-04 20:55:36,767 - INFO - connection open
2025-12-04 20:57:30,952 - INFO - connection open
2025-12-04 20:57:35,592 - INFO - connection open
2025-12-04 20:57:48,683 - INFO - connection open
